Using pre-set license

 COMMAND LINE ARGUMENTS:
/Applications/Unity/Hub/Editor/2020.2.1f1/Unity.app/Contents/MacOS/Unity
-adb2
-batchMode
-noUpm
-name
AssetImportWorker0
-projectPath
/Users/michellelin/Desktop/art/Unity/Prototype2
-logFile
Logs/AssetImportWorker0.log
-srvPort
65308
Successfully changed project path to: /Users/michellelin/Desktop/art/Unity/Prototype2
/Users/michellelin/Desktop/art/Unity/Prototype2
Using Asset Import Pipeline V2.
Refreshing native plugins compatible for Editor in 30.61 ms, found 1 plugins.
Preloading 0 native plugins for Editor in 0.00 ms.
Initialize engine version: 2020.2.1f1 (270dd8c3da1c)
[Subsystems] Discovering subsystems at path /Applications/Unity/Hub/Editor/2020.2.1f1/Unity.app/Contents/Resources/UnitySubsystems
[Subsystems] Discovering subsystems at path /Users/michellelin/Desktop/art/Unity/Prototype2/Assets
GfxDevice: creating device client; threaded=0
2021-02-04 19:14:09.626 Unity[52113:3510838] Color LCD preferred device: AMD Radeon Pro 5600M (high power)
2021-02-04 19:14:09.626 Unity[52113:3510838] Metal devices available: 2
2021-02-04 19:14:09.626 Unity[52113:3510838] 0: AMD Radeon Pro 5600M (high power)
2021-02-04 19:14:09.626 Unity[52113:3510838] 1: Intel(R) UHD Graphics 630 (low power)
2021-02-04 19:14:09.627 Unity[52113:3510838] Using device AMD Radeon Pro 5600M (high power)
Initializing Metal device caps: AMD Radeon Pro 5600M
Initialize mono
Mono path[0] = '/Applications/Unity/Hub/Editor/2020.2.1f1/Unity.app/Contents/Managed'
Mono path[1] = '/Applications/Unity/Hub/Editor/2020.2.1f1/Unity.app/Contents/MonoBleedingEdge/lib/mono/unityjit'
Mono config path = '/Applications/Unity/Hub/Editor/2020.2.1f1/Unity.app/Contents/MonoBleedingEdge/etc'
Using monoOptions --debugger-agent=transport=dt_socket,embedding=1,server=y,suspend=n,address=127.0.0.1:56113
Begin MonoManager ReloadAssembly
Registering precompiled unity dll's ...
Register platform support module: /Applications/Unity/Hub/Editor/2020.2.1f1/Unity.app/Contents/PlaybackEngines/MacStandaloneSupport/UnityEditor.OSXStandalone.Extensions.dll
Registered in 0.000474 seconds.
Native extension for OSXStandalone target not found
Refreshing native plugins compatible for Editor in 24.83 ms, found 1 plugins.
Preloading 0 native plugins for Editor in 0.00 ms.
Invoked RoslynAnalysisRunner static constructor.
RoslynAnalysisRunner will not be running.
RoslynAnalysisRunner has terminated.
Mono: successfully reloaded assembly
- Completed reload, in  1.876 seconds
Platform modules already initialized, skipping
Registering precompiled user dll's ...
Registered in 0.000315 seconds.
Begin MonoManager ReloadAssembly
Native extension for OSXStandalone target not found
Refreshing native plugins compatible for Editor in 0.22 ms, found 1 plugins.
Preloading 0 native plugins for Editor in 0.00 ms.
Invoked RoslynAnalysisRunner static constructor.
RoslynAnalysisRunner will not be running.
RoslynAnalysisRunner has terminated.
Mono: successfully reloaded assembly
- Completed reload, in  0.921 seconds
Platform modules already initialized, skipping
========================================================================
Worker process is ready to serve import requests
Launching external process: /Applications/Unity/Hub/Editor/2020.2.1f1/Unity.app/Contents/Tools/UnityShaderCompiler
Launched and connected shader compiler UnityShaderCompiler after 0.02 seconds
Refreshing native plugins compatible for Editor in 0.19 ms, found 1 plugins.
Preloading 0 native plugins for Editor in 0.00 ms.
Unloading 1098 Unused Serialized files (Serialized files now loaded: 0)
System memory in use before: 109.0 MB.
System memory in use after: 109.0 MB.

Unloading 10 unused Assets to reduce memory usage. Loaded Objects now: 1540.
Total: 2.477215 ms (FindLiveObjects: 0.247743 ms CreateObjectMapping: 0.041882 ms MarkObjects: 2.007386 ms  DeleteObjects: 0.179361 ms)

========================================================================
Received Import Request.
  path: Assets/NewBehaviourScript.cs
  artifactKey: Guid(b1c37bcc3fffc4f6aa1ff61930c89821) Importer(815301076,1909f56bfc062723c751e8b465ee728b)
Start importing Assets/NewBehaviourScript.cs using Guid(b1c37bcc3fffc4f6aa1ff61930c89821) Importer(815301076,1909f56bfc062723c751e8b465ee728b)  -> (artifact id: '9d6a198ba66f925489f21506b0e9401e') in 0.375446 seconds
  Import took 0.377272 seconds .

========================================================================
Received Prepare
Registering precompiled user dll's ...
Registered in 0.000307 seconds.
Begin MonoManager ReloadAssembly
Native extension for OSXStandalone target not found
Refreshing native plugins compatible for Editor in 0.22 ms, found 1 plugins.
Preloading 0 native plugins for Editor in 0.00 ms.
Invoked RoslynAnalysisRunner static constructor.
RoslynAnalysisRunner will not be running.
RoslynAnalysisRunner has terminated.
Mono: successfully reloaded assembly
- Completed reload, in  0.862 seconds
Platform modules already initialized, skipping
Refreshing native plugins compatible for Editor in 0.21 ms, found 1 plugins.
Preloading 0 native plugins for Editor in 0.00 ms.
Unloading 1092 Unused Serialized files (Serialized files now loaded: 0)
System memory in use before: 113.7 MB.
System memory in use after: 113.7 MB.

Unloading 6 unused Assets to reduce memory usage. Loaded Objects now: 1541.
Total: 1.458183 ms (FindLiveObjects: 0.150316 ms CreateObjectMapping: 0.033669 ms MarkObjects: 1.227261 ms  DeleteObjects: 0.045932 ms)

========================================================================
Received Import Request.
  Time since last request: 17.413992 seconds.
  path: Assets/Script/SpawnManager.cs
  artifactKey: Guid(ffd849a7c8cd54670894f9963b55cf2d) Importer(815301076,1909f56bfc062723c751e8b465ee728b)
Start importing Assets/Script/SpawnManager.cs using Guid(ffd849a7c8cd54670894f9963b55cf2d) Importer(815301076,1909f56bfc062723c751e8b465ee728b)  -> (artifact id: '565915430fc15f88e829ee6d1f436038') in 0.006162 seconds
  Import took 0.007925 seconds .

========================================================================
Received Prepare
Registering precompiled user dll's ...
Registered in 0.000322 seconds.
Begin MonoManager ReloadAssembly
Native extension for OSXStandalone target not found
Refreshing native plugins compatible for Editor in 0.24 ms, found 1 plugins.
Preloading 0 native plugins for Editor in 0.00 ms.
Invoked RoslynAnalysisRunner static constructor.
RoslynAnalysisRunner will not be running.
RoslynAnalysisRunner has terminated.
Mono: successfully reloaded assembly
- Completed reload, in  0.967 seconds
Platform modules already initialized, skipping
Refreshing native plugins compatible for Editor in 0.20 ms, found 1 plugins.
Preloading 0 native plugins for Editor in 0.00 ms.
Unloading 1093 Unused Serialized files (Serialized files now loaded: 0)
System memory in use before: 114.1 MB.
System memory in use after: 114.1 MB.

Unloading 5 unused Assets to reduce memory usage. Loaded Objects now: 1544.
Total: 1.383705 ms (FindLiveObjects: 0.134663 ms CreateObjectMapping: 0.033672 ms MarkObjects: 1.171281 ms  DeleteObjects: 0.042548 ms)

========================================================================
Received Prepare
Registering precompiled user dll's ...
Registered in 0.000350 seconds.
Begin MonoManager ReloadAssembly
Native extension for OSXStandalone target not found
Refreshing native plugins compatible for Editor in 0.22 ms, found 1 plugins.
Preloading 0 native plugins for Editor in 0.00 ms.
Invoked RoslynAnalysisRunner static constructor.
RoslynAnalysisRunner will not be running.
RoslynAnalysisRunner has terminated.
Mono: successfully reloaded assembly
- Completed reload, in  0.893 seconds
Platform modules already initialized, skipping
Refreshing native plugins compatible for Editor in 0.22 ms, found 1 plugins.
Preloading 0 native plugins for Editor in 0.00 ms.
Unloading 1093 Unused Serialized files (Serialized files now loaded: 0)
System memory in use before: 114.4 MB.
System memory in use after: 114.5 MB.

Unloading 5 unused Assets to reduce memory usage. Loaded Objects now: 1546.
Total: 1.511711 ms (FindLiveObjects: 0.140120 ms CreateObjectMapping: 0.037067 ms MarkObjects: 1.294119 ms  DeleteObjects: 0.039390 ms)

========================================================================
Received Import Request.
  Time since last request: 1496.128537 seconds.
  path: Assets/Script/SpawnManager.cs
  artifactKey: Guid(ffd849a7c8cd54670894f9963b55cf2d) Importer(815301076,1909f56bfc062723c751e8b465ee728b)
Start importing Assets/Script/SpawnManager.cs using Guid(ffd849a7c8cd54670894f9963b55cf2d) Importer(815301076,1909f56bfc062723c751e8b465ee728b)  -> (artifact id: '5368786902d586025ca144c04d2f506f') in 0.005342 seconds
  Import took 0.007220 seconds .

========================================================================
Received Prepare
Registering precompiled user dll's ...
Registered in 0.000235 seconds.
Begin MonoManager ReloadAssembly
Native extension for OSXStandalone target not found
Refreshing native plugins compatible for Editor in 0.25 ms, found 1 plugins.
Preloading 0 native plugins for Editor in 0.00 ms.
Invoked RoslynAnalysisRunner static constructor.
RoslynAnalysisRunner will not be running.
RoslynAnalysisRunner has terminated.
Mono: successfully reloaded assembly
- Completed reload, in  0.880 seconds
Platform modules already initialized, skipping
Refreshing native plugins compatible for Editor in 0.18 ms, found 1 plugins.
Preloading 0 native plugins for Editor in 0.00 ms.
Unloading 1093 Unused Serialized files (Serialized files now loaded: 0)
System memory in use before: 115.0 MB.
System memory in use after: 115.1 MB.

Unloading 5 unused Assets to reduce memory usage. Loaded Objects now: 1548.
Total: 1.335147 ms (FindLiveObjects: 0.120611 ms CreateObjectMapping: 0.030582 ms MarkObjects: 1.145132 ms  DeleteObjects: 0.037799 ms)

========================================================================
Received Import Request.
  Time since last request: 372.700798 seconds.
  path: Assets/Script/SpawnManager.cs
  artifactKey: Guid(ffd849a7c8cd54670894f9963b55cf2d) Importer(815301076,1909f56bfc062723c751e8b465ee728b)
Start importing Assets/Script/SpawnManager.cs using Guid(ffd849a7c8cd54670894f9963b55cf2d) Importer(815301076,1909f56bfc062723c751e8b465ee728b)  -> (artifact id: 'd22aa581dbeba7e204efb96a073de765') in 0.005542 seconds
  Import took 0.007510 seconds .

========================================================================
Received Prepare
Registering precompiled user dll's ...
Registered in 0.000563 seconds.
Begin MonoManager ReloadAssembly
Native extension for OSXStandalone target not found
Refreshing native plugins compatible for Editor in 0.22 ms, found 1 plugins.
Preloading 0 native plugins for Editor in 0.00 ms.
Invoked RoslynAnalysisRunner static constructor.
RoslynAnalysisRunner will not be running.
RoslynAnalysisRunner has terminated.
Mono: successfully reloaded assembly
- Completed reload, in  0.878 seconds
Platform modules already initialized, skipping
Refreshing native plugins compatible for Editor in 0.24 ms, found 1 plugins.
Preloading 0 native plugins for Editor in 0.00 ms.
Unloading 1093 Unused Serialized files (Serialized files now loaded: 0)
System memory in use before: 115.4 MB.
System memory in use after: 115.5 MB.

Unloading 5 unused Assets to reduce memory usage. Loaded Objects now: 1550.
Total: 1.469696 ms (FindLiveObjects: 0.157098 ms CreateObjectMapping: 0.034890 ms MarkObjects: 1.236038 ms  DeleteObjects: 0.040832 ms)

========================================================================
Received Import Request.
  Time since last request: 183.699358 seconds.
  path: Assets/Script/SpawnManager.cs
  artifactKey: Guid(ffd849a7c8cd54670894f9963b55cf2d) Importer(815301076,1909f56bfc062723c751e8b465ee728b)
Start importing Assets/Script/SpawnManager.cs using Guid(ffd849a7c8cd54670894f9963b55cf2d) Importer(815301076,1909f56bfc062723c751e8b465ee728b)  -> (artifact id: 'b723d1a6f3d4a71a43fac482c4f4949f') in 0.005831 seconds
  Import took 0.007884 seconds .

========================================================================
Received Prepare
Registering precompiled user dll's ...
Registered in 0.000288 seconds.
Begin MonoManager ReloadAssembly
Native extension for OSXStandalone target not found
Refreshing native plugins compatible for Editor in 0.19 ms, found 1 plugins.
Preloading 0 native plugins for Editor in 0.00 ms.
Invoked RoslynAnalysisRunner static constructor.
RoslynAnalysisRunner will not be running.
RoslynAnalysisRunner has terminated.
Mono: successfully reloaded assembly
- Completed reload, in  0.748 seconds
Platform modules already initialized, skipping
Refreshing native plugins compatible for Editor in 0.18 ms, found 1 plugins.
Preloading 0 native plugins for Editor in 0.00 ms.
Unloading 1093 Unused Serialized files (Serialized files now loaded: 0)
System memory in use before: 116.0 MB.
System memory in use after: 116.1 MB.

Unloading 5 unused Assets to reduce memory usage. Loaded Objects now: 1552.
Total: 1.591019 ms (FindLiveObjects: 0.134848 ms CreateObjectMapping: 0.032623 ms MarkObjects: 1.385180 ms  DeleteObjects: 0.037492 ms)

========================================================================
Received Prepare
Registering precompiled user dll's ...
Registered in 0.000346 seconds.
Begin MonoManager ReloadAssembly
Native extension for OSXStandalone target not found
Refreshing native plugins compatible for Editor in 0.19 ms, found 1 plugins.
Preloading 0 native plugins for Editor in 0.00 ms.
Invoked RoslynAnalysisRunner static constructor.
RoslynAnalysisRunner will not be running.
RoslynAnalysisRunner has terminated.
Mono: successfully reloaded assembly
- Completed reload, in  0.763 seconds
Platform modules already initialized, skipping
Refreshing native plugins compatible for Editor in 0.19 ms, found 1 plugins.
Preloading 0 native plugins for Editor in 0.00 ms.
Unloading 1093 Unused Serialized files (Serialized files now loaded: 0)
System memory in use before: 116.2 MB.
System memory in use after: 116.3 MB.

Unloading 5 unused Assets to reduce memory usage. Loaded Objects now: 1554.
Total: 1.362472 ms (FindLiveObjects: 0.121853 ms CreateObjectMapping: 0.032871 ms MarkObjects: 1.168473 ms  DeleteObjects: 0.038068 ms)

========================================================================
Received Prepare
Registering precompiled user dll's ...
Registered in 0.000382 seconds.
Begin MonoManager ReloadAssembly
Native extension for OSXStandalone target not found
Refreshing native plugins compatible for Editor in 0.18 ms, found 1 plugins.
Preloading 0 native plugins for Editor in 0.00 ms.
Invoked RoslynAnalysisRunner static constructor.
RoslynAnalysisRunner will not be running.
RoslynAnalysisRunner has terminated.
Mono: successfully reloaded assembly
- Completed reload, in  0.717 seconds
Platform modules already initialized, skipping
Refreshing native plugins compatible for Editor in 0.15 ms, found 1 plugins.
Preloading 0 native plugins for Editor in 0.00 ms.
Unloading 1093 Unused Serialized files (Serialized files now loaded: 0)
System memory in use before: 115.9 MB.
System memory in use after: 116.0 MB.

Unloading 5 unused Assets to reduce memory usage. Loaded Objects now: 1556.
Total: 1.570981 ms (FindLiveObjects: 0.155559 ms CreateObjectMapping: 0.037195 ms MarkObjects: 1.331148 ms  DeleteObjects: 0.045791 ms)

========================================================================
Received Prepare
Registering precompiled user dll's ...
Registered in 0.000246 seconds.
Begin MonoManager ReloadAssembly
Native extension for OSXStandalone target not found
Refreshing native plugins compatible for Editor in 0.19 ms, found 1 plugins.
Preloading 0 native plugins for Editor in 0.00 ms.
Invoked RoslynAnalysisRunner static constructor.
RoslynAnalysisRunner will not be running.
RoslynAnalysisRunner has terminated.
Mono: successfully reloaded assembly
- Completed reload, in  0.761 seconds
Platform modules already initialized, skipping
Refreshing native plugins compatible for Editor in 0.16 ms, found 1 plugins.
Preloading 0 native plugins for Editor in 0.00 ms.
Unloading 1093 Unused Serialized files (Serialized files now loaded: 0)
System memory in use before: 116.4 MB.
System memory in use after: 116.4 MB.

Unloading 5 unused Assets to reduce memory usage. Loaded Objects now: 1558.
Total: 1.731932 ms (FindLiveObjects: 0.162369 ms CreateObjectMapping: 0.044355 ms MarkObjects: 1.484088 ms  DeleteObjects: 0.040010 ms)

========================================================================
Received Prepare
Registering precompiled user dll's ...
Registered in 0.000388 seconds.
Begin MonoManager ReloadAssembly
Native extension for OSXStandalone target not found
Refreshing native plugins compatible for Editor in 0.18 ms, found 1 plugins.
Preloading 0 native plugins for Editor in 0.00 ms.
Invoked RoslynAnalysisRunner static constructor.
RoslynAnalysisRunner will not be running.
RoslynAnalysisRunner has terminated.
Mono: successfully reloaded assembly
- Completed reload, in  0.751 seconds
Platform modules already initialized, skipping
Refreshing native plugins compatible for Editor in 0.23 ms, found 1 plugins.
Preloading 0 native plugins for Editor in 0.00 ms.
Unloading 1093 Unused Serialized files (Serialized files now loaded: 0)
System memory in use before: 116.7 MB.
System memory in use after: 116.8 MB.

Unloading 5 unused Assets to reduce memory usage. Loaded Objects now: 1560.
Total: 1.676128 ms (FindLiveObjects: 0.155297 ms CreateObjectMapping: 0.040651 ms MarkObjects: 1.433620 ms  DeleteObjects: 0.045244 ms)

========================================================================
Received Prepare
Registering precompiled user dll's ...
Registered in 0.000350 seconds.
Begin MonoManager ReloadAssembly
Native extension for OSXStandalone target not found
Refreshing native plugins compatible for Editor in 0.21 ms, found 1 plugins.
Preloading 0 native plugins for Editor in 0.00 ms.
Invoked RoslynAnalysisRunner static constructor.
RoslynAnalysisRunner will not be running.
RoslynAnalysisRunner has terminated.
Mono: successfully reloaded assembly
- Completed reload, in  0.870 seconds
Platform modules already initialized, skipping
Refreshing native plugins compatible for Editor in 0.21 ms, found 1 plugins.
Preloading 0 native plugins for Editor in 0.00 ms.
Unloading 1093 Unused Serialized files (Serialized files now loaded: 0)
System memory in use before: 116.2 MB.
System memory in use after: 116.3 MB.

Unloading 5 unused Assets to reduce memory usage. Loaded Objects now: 1562.
Total: 1.486601 ms (FindLiveObjects: 0.137577 ms CreateObjectMapping: 0.035062 ms MarkObjects: 1.272487 ms  DeleteObjects: 0.040482 ms)

========================================================================
Received Prepare
Registering precompiled user dll's ...
Registered in 0.000282 seconds.
Begin MonoManager ReloadAssembly
Native extension for OSXStandalone target not found
Refreshing native plugins compatible for Editor in 0.19 ms, found 1 plugins.
Preloading 0 native plugins for Editor in 0.00 ms.
Invoked RoslynAnalysisRunner static constructor.
RoslynAnalysisRunner will not be running.
RoslynAnalysisRunner has terminated.
Mono: successfully reloaded assembly
- Completed reload, in  0.763 seconds
Platform modules already initialized, skipping
Refreshing native plugins compatible for Editor in 0.16 ms, found 1 plugins.
Preloading 0 native plugins for Editor in 0.00 ms.
Unloading 1093 Unused Serialized files (Serialized files now loaded: 0)
System memory in use before: 116.7 MB.
System memory in use after: 116.8 MB.

Unloading 5 unused Assets to reduce memory usage. Loaded Objects now: 1564.
Total: 1.528609 ms (FindLiveObjects: 0.157875 ms CreateObjectMapping: 0.043971 ms MarkObjects: 1.281500 ms  DeleteObjects: 0.043895 ms)

========================================================================
Received Prepare
Registering precompiled user dll's ...
Registered in 0.000387 seconds.
Begin MonoManager ReloadAssembly
Native extension for OSXStandalone target not found
Refreshing native plugins compatible for Editor in 0.20 ms, found 1 plugins.
Preloading 0 native plugins for Editor in 0.00 ms.
Invoked RoslynAnalysisRunner static constructor.
RoslynAnalysisRunner will not be running.
RoslynAnalysisRunner has terminated.
Mono: successfully reloaded assembly
- Completed reload, in  0.860 seconds
Platform modules already initialized, skipping
Refreshing native plugins compatible for Editor in 0.20 ms, found 1 plugins.
Preloading 0 native plugins for Editor in 0.00 ms.
Unloading 1093 Unused Serialized files (Serialized files now loaded: 0)
System memory in use before: 117.1 MB.
System memory in use after: 117.2 MB.

Unloading 5 unused Assets to reduce memory usage. Loaded Objects now: 1566.
Total: 1.423327 ms (FindLiveObjects: 0.148691 ms CreateObjectMapping: 0.036783 ms MarkObjects: 1.198458 ms  DeleteObjects: 0.038483 ms)

========================================================================
Received Import Request.
  Time since last request: 10588.114404 seconds.
  path: Assets/Script/SpawnManager.cs
  artifactKey: Guid(ffd849a7c8cd54670894f9963b55cf2d) Importer(815301076,1909f56bfc062723c751e8b465ee728b)
Start importing Assets/Script/SpawnManager.cs using Guid(ffd849a7c8cd54670894f9963b55cf2d) Importer(815301076,1909f56bfc062723c751e8b465ee728b)  -> (artifact id: 'bc7621bfaa9cc9cbd0178288626d97d6') in 0.006504 seconds
  Import took 0.008545 seconds .

========================================================================
Received Prepare
Registering precompiled user dll's ...
Registered in 0.000236 seconds.
Begin MonoManager ReloadAssembly
Native extension for OSXStandalone target not found
Refreshing native plugins compatible for Editor in 0.24 ms, found 1 plugins.
Preloading 0 native plugins for Editor in 0.00 ms.
Invoked RoslynAnalysisRunner static constructor.
RoslynAnalysisRunner will not be running.
RoslynAnalysisRunner has terminated.
Mono: successfully reloaded assembly
- Completed reload, in  0.731 seconds
Platform modules already initialized, skipping
Refreshing native plugins compatible for Editor in 0.15 ms, found 1 plugins.
Preloading 0 native plugins for Editor in 0.00 ms.
Unloading 1093 Unused Serialized files (Serialized files now loaded: 0)
System memory in use before: 117.4 MB.
System memory in use after: 117.5 MB.

Unloading 5 unused Assets to reduce memory usage. Loaded Objects now: 1568.
Total: 1.179588 ms (FindLiveObjects: 0.112628 ms CreateObjectMapping: 0.027715 ms MarkObjects: 1.006473 ms  DeleteObjects: 0.032060 ms)

========================================================================
Received Prepare
Registering precompiled user dll's ...
Registered in 0.000360 seconds.
Begin MonoManager ReloadAssembly
Native extension for OSXStandalone target not found
Refreshing native plugins compatible for Editor in 0.19 ms, found 1 plugins.
Preloading 0 native plugins for Editor in 0.00 ms.
Invoked RoslynAnalysisRunner static constructor.
RoslynAnalysisRunner will not be running.
RoslynAnalysisRunner has terminated.
Mono: successfully reloaded assembly
- Completed reload, in  0.742 seconds
Platform modules already initialized, skipping
Refreshing native plugins compatible for Editor in 0.18 ms, found 1 plugins.
Preloading 0 native plugins for Editor in 0.00 ms.
Unloading 1093 Unused Serialized files (Serialized files now loaded: 0)
System memory in use before: 117.0 MB.
System memory in use after: 117.1 MB.

Unloading 5 unused Assets to reduce memory usage. Loaded Objects now: 1570.
Total: 1.709208 ms (FindLiveObjects: 0.160125 ms CreateObjectMapping: 0.043380 ms MarkObjects: 1.456818 ms  DeleteObjects: 0.047219 ms)

========================================================================
Received Prepare
Registering precompiled user dll's ...
Registered in 0.000293 seconds.
Begin MonoManager ReloadAssembly
Native extension for OSXStandalone target not found
Refreshing native plugins compatible for Editor in 0.19 ms, found 1 plugins.
Preloading 0 native plugins for Editor in 0.00 ms.
Invoked RoslynAnalysisRunner static constructor.
RoslynAnalysisRunner will not be running.
RoslynAnalysisRunner has terminated.
Mono: successfully reloaded assembly
- Completed reload, in  0.743 seconds
Platform modules already initialized, skipping
Refreshing native plugins compatible for Editor in 0.17 ms, found 1 plugins.
Preloading 0 native plugins for Editor in 0.00 ms.
Unloading 1093 Unused Serialized files (Serialized files now loaded: 0)
System memory in use before: 117.5 MB.
System memory in use after: 117.5 MB.

Unloading 5 unused Assets to reduce memory usage. Loaded Objects now: 1572.
Total: 1.906876 ms (FindLiveObjects: 0.181696 ms CreateObjectMapping: 0.050530 ms MarkObjects: 1.625412 ms  DeleteObjects: 0.047368 ms)

========================================================================
Received Prepare
Registering precompiled user dll's ...
Registered in 0.000359 seconds.
Begin MonoManager ReloadAssembly
Native extension for OSXStandalone target not found
Refreshing native plugins compatible for Editor in 0.19 ms, found 1 plugins.
Preloading 0 native plugins for Editor in 0.00 ms.
Invoked RoslynAnalysisRunner static constructor.
RoslynAnalysisRunner will not be running.
RoslynAnalysisRunner has terminated.
Mono: successfully reloaded assembly
- Completed reload, in  0.743 seconds
Platform modules already initialized, skipping
Refreshing native plugins compatible for Editor in 0.17 ms, found 1 plugins.
Preloading 0 native plugins for Editor in 0.00 ms.
Unloading 1093 Unused Serialized files (Serialized files now loaded: 0)
System memory in use before: 117.9 MB.
System memory in use after: 118.0 MB.

Unloading 5 unused Assets to reduce memory usage. Loaded Objects now: 1574.
Total: 1.841280 ms (FindLiveObjects: 0.219540 ms CreateObjectMapping: 0.047754 ms MarkObjects: 1.518038 ms  DeleteObjects: 0.054318 ms)

========================================================================
Received Prepare
Registering precompiled user dll's ...
Registered in 0.000315 seconds.
Begin MonoManager ReloadAssembly
Native extension for OSXStandalone target not found
Refreshing native plugins compatible for Editor in 0.19 ms, found 1 plugins.
Preloading 0 native plugins for Editor in 0.00 ms.
Invoked RoslynAnalysisRunner static constructor.
RoslynAnalysisRunner will not be running.
RoslynAnalysisRunner has terminated.
Mono: successfully reloaded assembly
- Completed reload, in  0.749 seconds
Platform modules already initialized, skipping
Refreshing native plugins compatible for Editor in 0.17 ms, found 1 plugins.
Preloading 0 native plugins for Editor in 0.00 ms.
Unloading 1093 Unused Serialized files (Serialized files now loaded: 0)
System memory in use before: 117.4 MB.
System memory in use after: 117.4 MB.

Unloading 5 unused Assets to reduce memory usage. Loaded Objects now: 1576.
Total: 1.552099 ms (FindLiveObjects: 0.158545 ms CreateObjectMapping: 0.039038 ms MarkObjects: 1.311848 ms  DeleteObjects: 0.041410 ms)

========================================================================
Received Import Request.
  Time since last request: 578.366029 seconds.
  path: Assets/Prefebs/Animal_Chick.prefab
  artifactKey: Guid(76d1a8f4e4b1645b7affdcaf4068ce38) Importer(815301076,1909f56bfc062723c751e8b465ee728b)
Start importing Assets/Prefebs/Animal_Chick.prefab using Guid(76d1a8f4e4b1645b7affdcaf4068ce38) Importer(815301076,1909f56bfc062723c751e8b465ee728b)  -> (artifact id: 'e7017392b2a6c5a8284e208de4d75a18') in 0.470242 seconds
  Import took 0.472258 seconds .

========================================================================
Received Import Request.
  Time since last request: 156.009799 seconds.
  path: Assets/Prefebs/Animal_Chick.prefab
  artifactKey: Guid(76d1a8f4e4b1645b7affdcaf4068ce38) Importer(815301076,1909f56bfc062723c751e8b465ee728b)
Start importing Assets/Prefebs/Animal_Chick.prefab using Guid(76d1a8f4e4b1645b7affdcaf4068ce38) Importer(815301076,1909f56bfc062723c751e8b465ee728b)  -> (artifact id: 'b3d87531de05574193bfb4681b650a4a') in 0.014303 seconds
  Import took 0.016282 seconds .

========================================================================
Received Import Request.
  Time since last request: 0.018374 seconds.
  path: Assets/Prefebs/Animal_Chick.prefab
  artifactKey: Guid(76d1a8f4e4b1645b7affdcaf4068ce38) Importer(815301076,1909f56bfc062723c751e8b465ee728b)
Start importing Assets/Prefebs/Animal_Chick.prefab using Guid(76d1a8f4e4b1645b7affdcaf4068ce38) Importer(815301076,1909f56bfc062723c751e8b465ee728b)  -> (artifact id: 'b3d87531de05574193bfb4681b650a4a') in 0.012687 seconds
  Import took 0.014732 seconds .

========================================================================
Received Import Request.
  Time since last request: 40.673326 seconds.
  path: Assets/Prefebs/Animal_Chick.prefab
  artifactKey: Guid(76d1a8f4e4b1645b7affdcaf4068ce38) Importer(815301076,1909f56bfc062723c751e8b465ee728b)
Start importing Assets/Prefebs/Animal_Chick.prefab using Guid(76d1a8f4e4b1645b7affdcaf4068ce38) Importer(815301076,1909f56bfc062723c751e8b465ee728b)  -> (artifact id: '0f1a4166ceff4170452b675bbaf3b17f') in 0.015058 seconds
  Import took 0.017580 seconds .

========================================================================
Received Import Request.
  Time since last request: 30.058042 seconds.
  path: Assets/Prefebs/Animal_Stag_01.prefab
  artifactKey: Guid(cca2be54e9c0d40c8966b0d60108a80f) Importer(815301076,1909f56bfc062723c751e8b465ee728b)
Start importing Assets/Prefebs/Animal_Stag_01.prefab using Guid(cca2be54e9c0d40c8966b0d60108a80f) Importer(815301076,1909f56bfc062723c751e8b465ee728b)  -> (artifact id: '0bf1140b502b47f9596257b1cba23d16') in 0.025366 seconds
  Import took 0.027958 seconds .

========================================================================
Received Import Request.
  Time since last request: 0.000463 seconds.
  path: Assets/Prefebs/Animal_Stag_01.prefab
  artifactKey: Guid(cca2be54e9c0d40c8966b0d60108a80f) Importer(815301076,1909f56bfc062723c751e8b465ee728b)
Start importing Assets/Prefebs/Animal_Stag_01.prefab using Guid(cca2be54e9c0d40c8966b0d60108a80f) Importer(815301076,1909f56bfc062723c751e8b465ee728b)  -> (artifact id: '0bf1140b502b47f9596257b1cba23d16') in 0.017921 seconds
  Import took 0.020219 seconds .

========================================================================
Received Import Request.
  Time since last request: 33.742850 seconds.
  path: Assets/Prefebs/Animal_Stag_01.prefab
  artifactKey: Guid(cca2be54e9c0d40c8966b0d60108a80f) Importer(815301076,1909f56bfc062723c751e8b465ee728b)
Start importing Assets/Prefebs/Animal_Stag_01.prefab using Guid(cca2be54e9c0d40c8966b0d60108a80f) Importer(815301076,1909f56bfc062723c751e8b465ee728b)  -> (artifact id: '6101bf6654993a160ac6a2c8e38ddcc3') in 0.020794 seconds
  Import took 0.023331 seconds .

========================================================================
Received Import Request.
  Time since last request: 30.264553 seconds.
  path: Assets/Prefebs/Animal_Chick.prefab
  artifactKey: Guid(76d1a8f4e4b1645b7affdcaf4068ce38) Importer(815301076,1909f56bfc062723c751e8b465ee728b)
Start importing Assets/Prefebs/Animal_Chick.prefab using Guid(76d1a8f4e4b1645b7affdcaf4068ce38) Importer(815301076,1909f56bfc062723c751e8b465ee728b)  -> (artifact id: '94252b80ff4588cabe3b145402ad4cf7') in 0.014968 seconds
  Import took 0.017761 seconds .

========================================================================
Received Import Request.
  Time since last request: 2.383246 seconds.
  path: Assets/Prefebs/Animal_Stag_01.prefab
  artifactKey: Guid(cca2be54e9c0d40c8966b0d60108a80f) Importer(815301076,1909f56bfc062723c751e8b465ee728b)
Start importing Assets/Prefebs/Animal_Stag_01.prefab using Guid(cca2be54e9c0d40c8966b0d60108a80f) Importer(815301076,1909f56bfc062723c751e8b465ee728b)  -> (artifact id: '79564c174d50149c016b7038308d730e') in 0.019675 seconds
  Import took 0.022296 seconds .

========================================================================
Received Import Request.
  Time since last request: 2.262614 seconds.
  path: Assets/Prefebs/Dog_Labrador_01.prefab
  artifactKey: Guid(89d92791622e14aacaa318fe1bab450b) Importer(815301076,1909f56bfc062723c751e8b465ee728b)
Start importing Assets/Prefebs/Dog_Labrador_01.prefab using Guid(89d92791622e14aacaa318fe1bab450b) Importer(815301076,1909f56bfc062723c751e8b465ee728b)  -> (artifact id: '62f256f923c344da4acaf35be02a1e5e') in 0.049273 seconds
  Import took 0.052301 seconds .

========================================================================
Received Import Request.
  Time since last request: 30.558371 seconds.
  path: Assets/Prefebs/Dog_Labrador_01.prefab
  artifactKey: Guid(89d92791622e14aacaa318fe1bab450b) Importer(815301076,1909f56bfc062723c751e8b465ee728b)
Start importing Assets/Prefebs/Dog_Labrador_01.prefab using Guid(89d92791622e14aacaa318fe1bab450b) Importer(815301076,1909f56bfc062723c751e8b465ee728b)  -> (artifact id: 'fa4a71f84bdbcf2a86013ebefb1be7f6') in 0.045332 seconds
  Import took 0.048658 seconds .

========================================================================
Received Import Request.
  Time since last request: 44.656221 seconds.
  path: Assets/Scenes/Prototype 2.unity
  artifactKey: Guid(f0196d95ff9244ffaa65879ba7824fd4) Importer(815301076,1909f56bfc062723c751e8b465ee728b)
Start importing Assets/Scenes/Prototype 2.unity using Guid(f0196d95ff9244ffaa65879ba7824fd4) Importer(815301076,1909f56bfc062723c751e8b465ee728b)  -> (artifact id: '15263ddee83de6da0f211c19b6cad8b8') in 0.002507 seconds
  Import took 0.004642 seconds .

========================================================================
Received Import Request.
  Time since last request: 47.199791 seconds.
  path: Assets/Prefebs/Food_Steak_01.prefab
  artifactKey: Guid(5a75d23c0bbb14a5795257681e60f78a) Importer(815301076,1909f56bfc062723c751e8b465ee728b)
Start importing Assets/Prefebs/Food_Steak_01.prefab using Guid(5a75d23c0bbb14a5795257681e60f78a) Importer(815301076,1909f56bfc062723c751e8b465ee728b)  -> (artifact id: '48b42e4bacbcd559a5361fbd356bfa33') in 0.021077 seconds
  Import took 0.023213 seconds .

========================================================================
Received Import Request.
  Time since last request: 55.063235 seconds.
  path: Assets/Prefebs/Food_Steak_01.prefab
  artifactKey: Guid(5a75d23c0bbb14a5795257681e60f78a) Importer(815301076,1909f56bfc062723c751e8b465ee728b)
Start importing Assets/Prefebs/Food_Steak_01.prefab using Guid(5a75d23c0bbb14a5795257681e60f78a) Importer(815301076,1909f56bfc062723c751e8b465ee728b)  -> (artifact id: '87a01af7b64a95c92a3058e6ead97848') in 0.008562 seconds
  Import took 0.010653 seconds .

========================================================================
Received Import Request.
  Time since last request: 31.871500 seconds.
  path: Assets/Prefebs/Food_Steak_01.prefab
  artifactKey: Guid(5a75d23c0bbb14a5795257681e60f78a) Importer(815301076,1909f56bfc062723c751e8b465ee728b)
Start importing Assets/Prefebs/Food_Steak_01.prefab using Guid(5a75d23c0bbb14a5795257681e60f78a) Importer(815301076,1909f56bfc062723c751e8b465ee728b)  -> (artifact id: '0ec4b15e8280dea09f2b8a693f66417d') in 0.007769 seconds
  Import took 0.009591 seconds .

========================================================================
Received Import Request.
  Time since last request: 1.421220 seconds.
  path: Assets/Prefebs/Food_Steak_01.prefab
  artifactKey: Guid(5a75d23c0bbb14a5795257681e60f78a) Importer(815301076,1909f56bfc062723c751e8b465ee728b)
Start importing Assets/Prefebs/Food_Steak_01.prefab using Guid(5a75d23c0bbb14a5795257681e60f78a) Importer(815301076,1909f56bfc062723c751e8b465ee728b)  -> (artifact id: '777e1f439090f9ad8be4292def003ddd') in 0.007572 seconds
  Import took 0.009476 seconds .

========================================================================
Received Prepare
Registering precompiled user dll's ...
Registered in 0.000263 seconds.
Begin MonoManager ReloadAssembly
Native extension for OSXStandalone target not found
Refreshing native plugins compatible for Editor in 0.19 ms, found 1 plugins.
Preloading 0 native plugins for Editor in 0.00 ms.
Invoked RoslynAnalysisRunner static constructor.
RoslynAnalysisRunner will not be running.
RoslynAnalysisRunner has terminated.
Mono: successfully reloaded assembly
- Completed reload, in  0.779 seconds
Platform modules already initialized, skipping
Refreshing native plugins compatible for Editor in 0.20 ms, found 1 plugins.
Preloading 0 native plugins for Editor in 0.00 ms.
Unloading 1094 Unused Serialized files (Serialized files now loaded: 0)
System memory in use before: 137.2 MB.
System memory in use after: 137.2 MB.

Unloading 5 unused Assets to reduce memory usage. Loaded Objects now: 1587.
Total: 1.367375 ms (FindLiveObjects: 0.137533 ms CreateObjectMapping: 0.030693 ms MarkObjects: 1.144040 ms  DeleteObjects: 0.036890 ms)

========================================================================
Received Import Request.
  Time since last request: 71.386630 seconds.
  path: Assets/Script/DetectCollisions.cs
  artifactKey: Guid(a2e292addb6a940afbdcdc7ace29c4a9) Importer(815301076,1909f56bfc062723c751e8b465ee728b)
Start importing Assets/Script/DetectCollisions.cs using Guid(a2e292addb6a940afbdcdc7ace29c4a9) Importer(815301076,1909f56bfc062723c751e8b465ee728b)  -> (artifact id: 'bad69c2b33edd0f17e6d5575ce6a66bc') in 0.005854 seconds
  Import took 0.008113 seconds .

========================================================================
Received Prepare
Registering precompiled user dll's ...
Registered in 0.000211 seconds.
Begin MonoManager ReloadAssembly
Native extension for OSXStandalone target not found
Refreshing native plugins compatible for Editor in 0.27 ms, found 1 plugins.
Preloading 0 native plugins for Editor in 0.00 ms.
Invoked RoslynAnalysisRunner static constructor.
RoslynAnalysisRunner will not be running.
RoslynAnalysisRunner has terminated.
Mono: successfully reloaded assembly
- Completed reload, in  0.833 seconds
Platform modules already initialized, skipping
Refreshing native plugins compatible for Editor in 0.21 ms, found 1 plugins.
Preloading 0 native plugins for Editor in 0.00 ms.
Unloading 1094 Unused Serialized files (Serialized files now loaded: 0)
System memory in use before: 137.6 MB.
System memory in use after: 137.7 MB.

Unloading 5 unused Assets to reduce memory usage. Loaded Objects now: 1589.
Total: 1.430643 ms (FindLiveObjects: 0.134785 ms CreateObjectMapping: 0.034501 ms MarkObjects: 1.218028 ms  DeleteObjects: 0.042230 ms)

========================================================================
Received Import Request.
  Time since last request: 9.393536 seconds.
  path: Assets/Prefebs/Food_Steak_01.prefab
  artifactKey: Guid(5a75d23c0bbb14a5795257681e60f78a) Importer(815301076,1909f56bfc062723c751e8b465ee728b)
Start importing Assets/Prefebs/Food_Steak_01.prefab using Guid(5a75d23c0bbb14a5795257681e60f78a) Importer(815301076,1909f56bfc062723c751e8b465ee728b)  -> (artifact id: '527e2be26924ea3852e1d0468a2f93bf') in 0.059517 seconds
  Import took 0.061432 seconds .

========================================================================
Received Import Request.
  Time since last request: 75.067196 seconds.
  path: Assets/Script/DetectCollisions.cs
  artifactKey: Guid(a2e292addb6a940afbdcdc7ace29c4a9) Importer(815301076,1909f56bfc062723c751e8b465ee728b)
Start importing Assets/Script/DetectCollisions.cs using Guid(a2e292addb6a940afbdcdc7ace29c4a9) Importer(815301076,1909f56bfc062723c751e8b465ee728b)  -> (artifact id: '60613f93c9d9abf20ce68f2601ecb1ac') in 0.001224 seconds
  Import took 0.003193 seconds .

========================================================================
Received Prepare
Registering precompiled user dll's ...
Registered in 0.000329 seconds.
Begin MonoManager ReloadAssembly
Native extension for OSXStandalone target not found
Refreshing native plugins compatible for Editor in 0.18 ms, found 1 plugins.
Preloading 0 native plugins for Editor in 0.00 ms.
Invoked RoslynAnalysisRunner static constructor.
RoslynAnalysisRunner will not be running.
RoslynAnalysisRunner has terminated.
Mono: successfully reloaded assembly
- Completed reload, in  0.794 seconds
Platform modules already initialized, skipping
Refreshing native plugins compatible for Editor in 0.19 ms, found 1 plugins.
Preloading 0 native plugins for Editor in 0.00 ms.
Unloading 1094 Unused Serialized files (Serialized files now loaded: 0)
System memory in use before: 137.9 MB.
System memory in use after: 138.0 MB.

Unloading 5 unused Assets to reduce memory usage. Loaded Objects now: 1592.
Total: 1.460435 ms (FindLiveObjects: 0.130054 ms CreateObjectMapping: 0.035973 ms MarkObjects: 1.256710 ms  DeleteObjects: 0.036821 ms)

========================================================================
Received Prepare
Registering precompiled user dll's ...
Registered in 0.000322 seconds.
Begin MonoManager ReloadAssembly
Native extension for OSXStandalone target not found
Refreshing native plugins compatible for Editor in 0.19 ms, found 1 plugins.
Preloading 0 native plugins for Editor in 0.00 ms.
Invoked RoslynAnalysisRunner static constructor.
RoslynAnalysisRunner will not be running.
RoslynAnalysisRunner has terminated.
Mono: successfully reloaded assembly
- Completed reload, in  0.876 seconds
Platform modules already initialized, skipping
Refreshing native plugins compatible for Editor in 0.21 ms, found 1 plugins.
Preloading 0 native plugins for Editor in 0.00 ms.
Unloading 1094 Unused Serialized files (Serialized files now loaded: 0)
System memory in use before: 137.6 MB.
System memory in use after: 137.7 MB.

Unloading 5 unused Assets to reduce memory usage. Loaded Objects now: 1594.
Total: 1.479514 ms (FindLiveObjects: 0.136820 ms CreateObjectMapping: 0.034684 ms MarkObjects: 1.267225 ms  DeleteObjects: 0.039651 ms)

========================================================================
Received Import Request.
  Time since last request: 106.603958 seconds.
  path: Assets/Prefebs/Animal_Stag_01.prefab
  artifactKey: Guid(cca2be54e9c0d40c8966b0d60108a80f) Importer(815301076,1909f56bfc062723c751e8b465ee728b)
Start importing Assets/Prefebs/Animal_Stag_01.prefab using Guid(cca2be54e9c0d40c8966b0d60108a80f) Importer(815301076,1909f56bfc062723c751e8b465ee728b)  -> (artifact id: 'fcd986b6788bb4e82e1ffe69c57e35f4') in 0.066616 seconds
  Import took 0.068927 seconds .

========================================================================
Received Import Request.
  Time since last request: 2.548887 seconds.
  path: Assets/Prefebs/Dog_Labrador_01.prefab
  artifactKey: Guid(89d92791622e14aacaa318fe1bab450b) Importer(815301076,1909f56bfc062723c751e8b465ee728b)
Start importing Assets/Prefebs/Dog_Labrador_01.prefab using Guid(89d92791622e14aacaa318fe1bab450b) Importer(815301076,1909f56bfc062723c751e8b465ee728b)  -> (artifact id: '414cc3b4d8241a38b56209a0e4a719e7') in 0.035998 seconds
  Import took 0.039014 seconds .

========================================================================
Received Import Request.
  Time since last request: 7.118225 seconds.
  path: Assets/Prefebs/Animal_Chick.prefab
  artifactKey: Guid(76d1a8f4e4b1645b7affdcaf4068ce38) Importer(815301076,1909f56bfc062723c751e8b465ee728b)
Start importing Assets/Prefebs/Animal_Chick.prefab using Guid(76d1a8f4e4b1645b7affdcaf4068ce38) Importer(815301076,1909f56bfc062723c751e8b465ee728b)  -> (artifact id: 'f627afce6f46442f4bf26b4968c7630b') in 0.010670 seconds
  Import took 0.012795 seconds .

========================================================================
Received Import Request.
  Time since last request: 0.647512 seconds.
  path: Assets/Prefebs/Animal_Stag_01.prefab
  artifactKey: Guid(cca2be54e9c0d40c8966b0d60108a80f) Importer(815301076,1909f56bfc062723c751e8b465ee728b)
Start importing Assets/Prefebs/Animal_Stag_01.prefab using Guid(cca2be54e9c0d40c8966b0d60108a80f) Importer(815301076,1909f56bfc062723c751e8b465ee728b)  -> (artifact id: '20b3f07f8ca8685279f177d92df0ddeb') in 0.013827 seconds
  Import took 0.016149 seconds .

========================================================================
Received Import Request.
  Time since last request: 35.520032 seconds.
  path: Assets/Script/DestroyOutOfBounds.cs
  artifactKey: Guid(610d274a3b45b445abed44a558f28508) Importer(815301076,1909f56bfc062723c751e8b465ee728b)
Start importing Assets/Script/DestroyOutOfBounds.cs using Guid(610d274a3b45b445abed44a558f28508) Importer(815301076,1909f56bfc062723c751e8b465ee728b)  -> (artifact id: '0a06c4bf59318f83667d33f82fbdfe43') in 0.002647 seconds
  Import took 0.004410 seconds .

========================================================================
Received Import Request.
  Time since last request: 0.000489 seconds.
  path: Assets/Script/DestroyOutOfBounds.cs
  artifactKey: Guid(610d274a3b45b445abed44a558f28508) Importer(815301076,1909f56bfc062723c751e8b465ee728b)
Start importing Assets/Script/DestroyOutOfBounds.cs using Guid(610d274a3b45b445abed44a558f28508) Importer(815301076,1909f56bfc062723c751e8b465ee728b)  -> (artifact id: '0a06c4bf59318f83667d33f82fbdfe43') in 0.001187 seconds
  Import took 0.002604 seconds .

========================================================================
Received Import Request.
  Time since last request: 26.478621 seconds.
  path: Assets/Script/DestroyOutOfBounds.cs
  artifactKey: Guid(610d274a3b45b445abed44a558f28508) Importer(815301076,1909f56bfc062723c751e8b465ee728b)
Start importing Assets/Script/DestroyOutOfBounds.cs using Guid(610d274a3b45b445abed44a558f28508) Importer(815301076,1909f56bfc062723c751e8b465ee728b)  -> (artifact id: '325ace37a50afe57c7c79d29799e2220') in 0.002268 seconds
  Import took 0.004025 seconds .

========================================================================
Received Prepare
Registering precompiled user dll's ...
Registered in 0.000291 seconds.
Begin MonoManager ReloadAssembly
Native extension for OSXStandalone target not found
Refreshing native plugins compatible for Editor in 0.19 ms, found 1 plugins.
Preloading 0 native plugins for Editor in 0.00 ms.
Invoked RoslynAnalysisRunner static constructor.
RoslynAnalysisRunner will not be running.
RoslynAnalysisRunner has terminated.
Mono: successfully reloaded assembly
- Completed reload, in  0.734 seconds
Platform modules already initialized, skipping
Refreshing native plugins compatible for Editor in 0.26 ms, found 1 plugins.
Preloading 0 native plugins for Editor in 0.00 ms.
Unloading 1094 Unused Serialized files (Serialized files now loaded: 0)
System memory in use before: 138.3 MB.
System memory in use after: 138.4 MB.

Unloading 5 unused Assets to reduce memory usage. Loaded Objects now: 1597.
Total: 2.204762 ms (FindLiveObjects: 0.175129 ms CreateObjectMapping: 0.041580 ms MarkObjects: 1.923477 ms  DeleteObjects: 0.062698 ms)

========================================================================
Received Prepare
Registering precompiled user dll's ...
Registered in 0.000353 seconds.
Begin MonoManager ReloadAssembly
Native extension for OSXStandalone target not found
Refreshing native plugins compatible for Editor in 0.18 ms, found 1 plugins.
Preloading 0 native plugins for Editor in 0.00 ms.
Invoked RoslynAnalysisRunner static constructor.
RoslynAnalysisRunner will not be running.
RoslynAnalysisRunner has terminated.
Mono: successfully reloaded assembly
- Completed reload, in  0.782 seconds
Platform modules already initialized, skipping
Refreshing native plugins compatible for Editor in 0.18 ms, found 1 plugins.
Preloading 0 native plugins for Editor in 0.00 ms.
Unloading 1094 Unused Serialized files (Serialized files now loaded: 0)
System memory in use before: 138.6 MB.
System memory in use after: 138.7 MB.

Unloading 5 unused Assets to reduce memory usage. Loaded Objects now: 1599.
Total: 1.298941 ms (FindLiveObjects: 0.127373 ms CreateObjectMapping: 0.031077 ms MarkObjects: 1.102434 ms  DeleteObjects: 0.037237 ms)

========================================================================
Received Import Request.
  Time since last request: 51.239381 seconds.
  path: Assets/Prefebs/Animal_Stag_01.prefab
  artifactKey: Guid(cca2be54e9c0d40c8966b0d60108a80f) Importer(815301076,1909f56bfc062723c751e8b465ee728b)
Start importing Assets/Prefebs/Animal_Stag_01.prefab using Guid(cca2be54e9c0d40c8966b0d60108a80f) Importer(815301076,1909f56bfc062723c751e8b465ee728b)  -> (artifact id: 'efb2af0ab22dc541afc8bd7f34a00de6') in 0.069240 seconds
  Import took 0.071727 seconds .

========================================================================
Received Prepare
Registering precompiled user dll's ...
Registered in 0.000363 seconds.
Begin MonoManager ReloadAssembly
Native extension for OSXStandalone target not found
Refreshing native plugins compatible for Editor in 0.19 ms, found 1 plugins.
Preloading 0 native plugins for Editor in 0.00 ms.
Invoked RoslynAnalysisRunner static constructor.
RoslynAnalysisRunner will not be running.
RoslynAnalysisRunner has terminated.
Mono: successfully reloaded assembly
- Completed reload, in  0.816 seconds
Platform modules already initialized, skipping
Refreshing native plugins compatible for Editor in 0.21 ms, found 1 plugins.
Preloading 0 native plugins for Editor in 0.00 ms.
Unloading 1094 Unused Serialized files (Serialized files now loaded: 0)
System memory in use before: 138.3 MB.
System memory in use after: 138.3 MB.

Unloading 5 unused Assets to reduce memory usage. Loaded Objects now: 1602.
Total: 1.814592 ms (FindLiveObjects: 0.185370 ms CreateObjectMapping: 0.051324 ms MarkObjects: 1.524935 ms  DeleteObjects: 0.051116 ms)

========================================================================
Received Prepare
Registering precompiled user dll's ...
Registered in 0.000359 seconds.
Begin MonoManager ReloadAssembly
Native extension for OSXStandalone target not found
Refreshing native plugins compatible for Editor in 0.27 ms, found 1 plugins.
Preloading 0 native plugins for Editor in 0.00 ms.
Invoked RoslynAnalysisRunner static constructor.
RoslynAnalysisRunner will not be running.
RoslynAnalysisRunner has terminated.
Mono: successfully reloaded assembly
- Completed reload, in  0.788 seconds
Platform modules already initialized, skipping
Refreshing native plugins compatible for Editor in 0.18 ms, found 1 plugins.
Preloading 0 native plugins for Editor in 0.00 ms.
Unloading 1094 Unused Serialized files (Serialized files now loaded: 0)
System memory in use before: 138.7 MB.
System memory in use after: 138.8 MB.

Unloading 5 unused Assets to reduce memory usage. Loaded Objects now: 1604.
Total: 1.715327 ms (FindLiveObjects: 0.355317 ms CreateObjectMapping: 0.057880 ms MarkObjects: 1.261043 ms  DeleteObjects: 0.040051 ms)

========================================================================
Received Prepare
Registering precompiled user dll's ...
Registered in 0.000318 seconds.
Begin MonoManager ReloadAssembly
Native extension for OSXStandalone target not found
Refreshing native plugins compatible for Editor in 0.26 ms, found 1 plugins.
Preloading 0 native plugins for Editor in 0.00 ms.
Invoked RoslynAnalysisRunner static constructor.
RoslynAnalysisRunner will not be running.
RoslynAnalysisRunner has terminated.
Mono: successfully reloaded assembly
- Completed reload, in  0.770 seconds
Platform modules already initialized, skipping
Refreshing native plugins compatible for Editor in 0.21 ms, found 1 plugins.
Preloading 0 native plugins for Editor in 0.00 ms.
Unloading 1094 Unused Serialized files (Serialized files now loaded: 0)
System memory in use before: 139.2 MB.
System memory in use after: 139.3 MB.

Unloading 5 unused Assets to reduce memory usage. Loaded Objects now: 1606.
Total: 1.514107 ms (FindLiveObjects: 0.150045 ms CreateObjectMapping: 0.037235 ms MarkObjects: 1.286209 ms  DeleteObjects: 0.039755 ms)

