Using pre-set license

 COMMAND LINE ARGUMENTS:
/Applications/Unity/Hub/Editor/2020.2.1f1/Unity.app/Contents/MacOS/Unity
-adb2
-batchMode
-noUpm
-name
AssetImportWorker0
-projectPath
/Users/michellelin/Desktop/Unity_tutorials/Create with Code/Prototype 4
-logFile
Logs/AssetImportWorker0.log
-srvPort
63940
Successfully changed project path to: /Users/michellelin/Desktop/Unity_tutorials/Create with Code/Prototype 4
/Users/michellelin/Desktop/Unity_tutorials/Create with Code/Prototype 4
Using Asset Import Pipeline V2.
Refreshing native plugins compatible for Editor in 24.53 ms, found 1 plugins.
Preloading 0 native plugins for Editor in 0.00 ms.
Initialize engine version: 2020.2.1f1 (270dd8c3da1c)
[Subsystems] Discovering subsystems at path /Applications/Unity/Hub/Editor/2020.2.1f1/Unity.app/Contents/Resources/UnitySubsystems
[Subsystems] Discovering subsystems at path /Users/michellelin/Desktop/Unity_tutorials/Create with Code/Prototype 4/Assets
GfxDevice: creating device client; threaded=0
2021-03-15 13:08:03.241 Unity[42317:1928426] Color LCD preferred device: AMD Radeon Pro 5600M (high power)
2021-03-15 13:08:03.241 Unity[42317:1928426] Metal devices available: 2
2021-03-15 13:08:03.241 Unity[42317:1928426] 0: AMD Radeon Pro 5600M (high power)
2021-03-15 13:08:03.241 Unity[42317:1928426] 1: Intel(R) UHD Graphics 630 (low power)
2021-03-15 13:08:03.242 Unity[42317:1928426] Using device AMD Radeon Pro 5600M (high power)
Initializing Metal device caps: AMD Radeon Pro 5600M
Initialize mono
Mono path[0] = '/Applications/Unity/Hub/Editor/2020.2.1f1/Unity.app/Contents/Managed'
Mono path[1] = '/Applications/Unity/Hub/Editor/2020.2.1f1/Unity.app/Contents/MonoBleedingEdge/lib/mono/unityjit'
Mono config path = '/Applications/Unity/Hub/Editor/2020.2.1f1/Unity.app/Contents/MonoBleedingEdge/etc'
Using monoOptions --debugger-agent=transport=dt_socket,embedding=1,server=y,suspend=n,address=127.0.0.1:56317
Begin MonoManager ReloadAssembly
Registering precompiled unity dll's ...
Register platform support module: /Applications/Unity/Hub/Editor/2020.2.1f1/Unity.app/Contents/PlaybackEngines/MacStandaloneSupport/UnityEditor.OSXStandalone.Extensions.dll
Registered in 0.000397 seconds.
Native extension for OSXStandalone target not found
Refreshing native plugins compatible for Editor in 22.48 ms, found 1 plugins.
Preloading 0 native plugins for Editor in 0.00 ms.
Invoked RoslynAnalysisRunner static constructor.
RoslynAnalysisRunner will not be running.
RoslynAnalysisRunner has terminated.
Mono: successfully reloaded assembly
- Completed reload, in  1.740 seconds
Platform modules already initialized, skipping
Registering precompiled user dll's ...
Registered in 0.000311 seconds.
Begin MonoManager ReloadAssembly
Native extension for OSXStandalone target not found
Refreshing native plugins compatible for Editor in 0.18 ms, found 1 plugins.
Preloading 0 native plugins for Editor in 0.00 ms.
Invoked RoslynAnalysisRunner static constructor.
RoslynAnalysisRunner will not be running.
RoslynAnalysisRunner has terminated.
Mono: successfully reloaded assembly
- Completed reload, in  0.902 seconds
Platform modules already initialized, skipping
========================================================================
Worker process is ready to serve import requests
Launching external process: /Applications/Unity/Hub/Editor/2020.2.1f1/Unity.app/Contents/Tools/UnityShaderCompiler
Launched and connected shader compiler UnityShaderCompiler after 0.02 seconds
Refreshing native plugins compatible for Editor in 0.22 ms, found 1 plugins.
Preloading 0 native plugins for Editor in 0.00 ms.
Unloading 1094 Unused Serialized files (Serialized files now loaded: 0)
System memory in use before: 107.7 MB.
System memory in use after: 107.8 MB.

Unloading 10 unused Assets to reduce memory usage. Loaded Objects now: 1533.
Total: 1.818042 ms (FindLiveObjects: 0.139897 ms CreateObjectMapping: 0.034070 ms MarkObjects: 1.563501 ms  DeleteObjects: 0.079084 ms)

========================================================================
Received Import Request.
  path: Assets/Scenes/Prototype 4.unity
  artifactKey: Guid(a4b96ad7a65484fd4a83cb97540eee50) Importer(815301076,1909f56bfc062723c751e8b465ee728b)
Start importing Assets/Scenes/Prototype 4.unity using Guid(a4b96ad7a65484fd4a83cb97540eee50) Importer(815301076,1909f56bfc062723c751e8b465ee728b)  -> (artifact id: 'ac1723e76c4653bb6589ea3a81014770') in 0.010049 seconds
  Import took 0.011801 seconds .

========================================================================
Received Import Request.
  Time since last request: 2.715671 seconds.
  path: Assets/Scenes/SampleScene.unity
  artifactKey: Guid(9fc0d4010bbf28b4594072e72b8655ab) Importer(815301076,1909f56bfc062723c751e8b465ee728b)
Start importing Assets/Scenes/SampleScene.unity using Guid(9fc0d4010bbf28b4594072e72b8655ab) Importer(815301076,1909f56bfc062723c751e8b465ee728b)  -> (artifact id: '016640421bf54ce873cbc7b610fdb87c') in 0.000956 seconds
  Import took 0.002525 seconds .

========================================================================
Received Import Request.
  Time since last request: 203.388533 seconds.
  path: Assets/Course Library/Textures/PolygonPrototype_Texture_Grid_01.png
  artifactKey: Guid(2a09470ada0c47849ad79d26363f8e4a) Importer(815301076,1909f56bfc062723c751e8b465ee728b)
Start importing Assets/Course Library/Textures/PolygonPrototype_Texture_Grid_01.png using Guid(2a09470ada0c47849ad79d26363f8e4a) Importer(815301076,1909f56bfc062723c751e8b465ee728b)  -> (artifact id: '8e3d1ee47d3b6aeda90ab17f7667f6d7') in 0.364607 seconds
  Import took 0.366607 seconds .

========================================================================
Received Import Request.
  Time since last request: 0.000198 seconds.
  path: Assets/Course Library/Textures/PolygonPrototype_Texture_Grid_02.png
  artifactKey: Guid(6b38ffdcc39b96042a822bb3f490eefd) Importer(815301076,1909f56bfc062723c751e8b465ee728b)
Start importing Assets/Course Library/Textures/PolygonPrototype_Texture_Grid_02.png using Guid(6b38ffdcc39b96042a822bb3f490eefd) Importer(815301076,1909f56bfc062723c751e8b465ee728b)  -> (artifact id: '3bd5095d1147411685fc48e2ae904885') in 0.008230 seconds
  Import took 0.009736 seconds .

========================================================================
Received Import Request.
  Time since last request: 0.000165 seconds.
  path: Assets/Course Library/Textures/PolygonPrototype_Texture_Grid_06.png
  artifactKey: Guid(bbc54c0e722a346408cd09eef6dc0cd6) Importer(815301076,1909f56bfc062723c751e8b465ee728b)
Start importing Assets/Course Library/Textures/PolygonPrototype_Texture_Grid_06.png using Guid(bbc54c0e722a346408cd09eef6dc0cd6) Importer(815301076,1909f56bfc062723c751e8b465ee728b)  -> (artifact id: '15b0d76eda6649b36ddd80b99ba8b2d8') in 0.006936 seconds
  Import took 0.008451 seconds .

========================================================================
Received Import Request.
  Time since last request: 0.000182 seconds.
  path: Assets/Course Library/Textures/PolygonPrototype_Texture_Grid_07.png
  artifactKey: Guid(7789f4efbb0f45c4780925243375a18e) Importer(815301076,1909f56bfc062723c751e8b465ee728b)
Start importing Assets/Course Library/Textures/PolygonPrototype_Texture_Grid_07.png using Guid(7789f4efbb0f45c4780925243375a18e) Importer(815301076,1909f56bfc062723c751e8b465ee728b)  -> (artifact id: '8e9318055bbcc5aa0afc89f30f5f8cb1') in 0.006758 seconds
  Import took 0.008336 seconds .

========================================================================
Received Import Request.
  Time since last request: 0.000168 seconds.
  path: Assets/Course Library/Textures/PolygonPrototype_Texture_Grid_03.png
  artifactKey: Guid(86507321c175292409cc422c5e33d711) Importer(815301076,1909f56bfc062723c751e8b465ee728b)
Start importing Assets/Course Library/Textures/PolygonPrototype_Texture_Grid_03.png using Guid(86507321c175292409cc422c5e33d711) Importer(815301076,1909f56bfc062723c751e8b465ee728b)  -> (artifact id: '6d3c89dae5fe9ccd412f631cc0504de0') in 0.006650 seconds
  Import took 0.008307 seconds .

========================================================================
Received Import Request.
  Time since last request: 0.000207 seconds.
  path: Assets/Course Library/Textures/PolygonPrototype_Texture_Grid_04.png
  artifactKey: Guid(c7c5239ae4b2ace4d8774918a50a940a) Importer(815301076,1909f56bfc062723c751e8b465ee728b)
Start importing Assets/Course Library/Textures/PolygonPrototype_Texture_Grid_04.png using Guid(c7c5239ae4b2ace4d8774918a50a940a) Importer(815301076,1909f56bfc062723c751e8b465ee728b)  -> (artifact id: '23932fe2a7d3eb84ddda61143965adc1') in 0.008956 seconds
  Import took 0.010540 seconds .

========================================================================
Received Import Request.
  Time since last request: 0.000176 seconds.
  path: Assets/Course Library/Textures/PolygonPrototype_Texture_Grid_05.png
  artifactKey: Guid(8634f8cf5ba74134c972fb2d36355077) Importer(815301076,1909f56bfc062723c751e8b465ee728b)
Start importing Assets/Course Library/Textures/PolygonPrototype_Texture_Grid_05.png using Guid(8634f8cf5ba74134c972fb2d36355077) Importer(815301076,1909f56bfc062723c751e8b465ee728b)  -> (artifact id: 'e1685ac764d6676e28f5bdfb417bc1d4') in 0.006638 seconds
  Import took 0.008198 seconds .

========================================================================
Received Import Request.
  Time since last request: 4.843147 seconds.
  path: Assets/Course Library/Textures/PolygonPrototype_Texture_Grid_08.png
  artifactKey: Guid(1d12fa396a3563b41b9ae11b0fb0b986) Importer(815301076,1909f56bfc062723c751e8b465ee728b)
Start importing Assets/Course Library/Textures/PolygonPrototype_Texture_Grid_08.png using Guid(1d12fa396a3563b41b9ae11b0fb0b986) Importer(815301076,1909f56bfc062723c751e8b465ee728b)  -> (artifact id: '0ef476742fe285dc35133bb066741900') in 0.006346 seconds
  Import took 0.008103 seconds .

========================================================================
Received Import Request.
  Time since last request: 1.216207 seconds.
  path: Assets/Course Library/Textures/PolygonPrototype_Texture_Grid_Glass_01.png
  artifactKey: Guid(1432e62c10501d147a873c128326f711) Importer(815301076,1909f56bfc062723c751e8b465ee728b)
Start importing Assets/Course Library/Textures/PolygonPrototype_Texture_Grid_Glass_01.png using Guid(1432e62c10501d147a873c128326f711) Importer(815301076,1909f56bfc062723c751e8b465ee728b)  -> (artifact id: '88b8a1d28b55724aba869aaeb030819d') in 0.007437 seconds
  Import took 0.009430 seconds .

========================================================================
Received Prepare
Registering precompiled user dll's ...
Registered in 0.000321 seconds.
Begin MonoManager ReloadAssembly
Native extension for OSXStandalone target not found
Refreshing native plugins compatible for Editor in 0.25 ms, found 1 plugins.
Preloading 0 native plugins for Editor in 0.00 ms.
Invoked RoslynAnalysisRunner static constructor.
RoslynAnalysisRunner will not be running.
RoslynAnalysisRunner has terminated.
Mono: successfully reloaded assembly
- Completed reload, in  0.796 seconds
Platform modules already initialized, skipping
Refreshing native plugins compatible for Editor in 0.12 ms, found 1 plugins.
Preloading 0 native plugins for Editor in 0.00 ms.
Unloading 1089 Unused Serialized files (Serialized files now loaded: 0)
System memory in use before: 112.7 MB.
System memory in use after: 112.8 MB.

Unloading 5 unused Assets to reduce memory usage. Loaded Objects now: 1537.
Total: 1.570971 ms (FindLiveObjects: 0.155652 ms CreateObjectMapping: 0.039542 ms MarkObjects: 1.322280 ms  DeleteObjects: 0.052133 ms)

========================================================================
Received Import Request.
  Time since last request: 140.176126 seconds.
  path: Assets
  artifactKey: Guid(00000000000000001000000000000000) Importer(815301076,1909f56bfc062723c751e8b465ee728b)
Start importing Assets using Guid(00000000000000001000000000000000) Importer(815301076,1909f56bfc062723c751e8b465ee728b)  -> (artifact id: 'e1a2c4dac9df7c17871e19a3b74f0e9f') in 0.003148 seconds
  Import took 0.004915 seconds .

========================================================================
Received Import Request.
  Time since last request: 13.590222 seconds.
  path: Assets/Scripts
  artifactKey: Guid(b7ac2620e90054b3c948557b6c99cbc4) Importer(815301076,1909f56bfc062723c751e8b465ee728b)
Start importing Assets/Scripts using Guid(b7ac2620e90054b3c948557b6c99cbc4) Importer(815301076,1909f56bfc062723c751e8b465ee728b)  -> (artifact id: '81574147c5d6ae993e3c924a8e8e026a') in 0.001464 seconds
  Import took 0.003197 seconds .

========================================================================
Received Import Request.
  Time since last request: 25.241629 seconds.
  path: Assets/Scripts/RotateCamera.cs
  artifactKey: Guid(99f727fa0666447419540c20f434f6a9) Importer(815301076,1909f56bfc062723c751e8b465ee728b)
Start importing Assets/Scripts/RotateCamera.cs using Guid(99f727fa0666447419540c20f434f6a9) Importer(815301076,1909f56bfc062723c751e8b465ee728b)  -> (artifact id: 'dea21e70165d8020ba36c2b56df1eafa') in 0.338844 seconds
  Import took 0.340592 seconds .

========================================================================
Received Prepare
Registering precompiled user dll's ...
Registered in 0.000214 seconds.
Begin MonoManager ReloadAssembly
Native extension for OSXStandalone target not found
Refreshing native plugins compatible for Editor in 0.21 ms, found 1 plugins.
Preloading 0 native plugins for Editor in 0.00 ms.
Invoked RoslynAnalysisRunner static constructor.
RoslynAnalysisRunner will not be running.
RoslynAnalysisRunner has terminated.
Mono: successfully reloaded assembly
- Completed reload, in  0.814 seconds
Platform modules already initialized, skipping
Refreshing native plugins compatible for Editor in 0.17 ms, found 1 plugins.
Preloading 0 native plugins for Editor in 0.00 ms.
Unloading 1090 Unused Serialized files (Serialized files now loaded: 0)
System memory in use before: 117.3 MB.
System memory in use after: 117.4 MB.

Unloading 5 unused Assets to reduce memory usage. Loaded Objects now: 1540.
Total: 1.406138 ms (FindLiveObjects: 0.134560 ms CreateObjectMapping: 0.029566 ms MarkObjects: 1.197642 ms  DeleteObjects: 0.043074 ms)

========================================================================
Received Prepare
Registering precompiled user dll's ...
Registered in 0.000313 seconds.
Begin MonoManager ReloadAssembly
Native extension for OSXStandalone target not found
Refreshing native plugins compatible for Editor in 0.18 ms, found 1 plugins.
Preloading 0 native plugins for Editor in 0.00 ms.
Invoked RoslynAnalysisRunner static constructor.
RoslynAnalysisRunner will not be running.
RoslynAnalysisRunner has terminated.
Mono: successfully reloaded assembly
- Completed reload, in  0.829 seconds
Platform modules already initialized, skipping
Refreshing native plugins compatible for Editor in 0.11 ms, found 1 plugins.
Preloading 0 native plugins for Editor in 0.00 ms.
Unloading 1090 Unused Serialized files (Serialized files now loaded: 0)
System memory in use before: 117.6 MB.
System memory in use after: 117.7 MB.

Unloading 5 unused Assets to reduce memory usage. Loaded Objects now: 1542.
Total: 1.360332 ms (FindLiveObjects: 0.162041 ms CreateObjectMapping: 0.035825 ms MarkObjects: 1.121392 ms  DeleteObjects: 0.039425 ms)

========================================================================
Received Import Request.
  Time since last request: 655.515818 seconds.
  path: Assets/Scripts/RotateCamera.cs
  artifactKey: Guid(99f727fa0666447419540c20f434f6a9) Importer(815301076,1909f56bfc062723c751e8b465ee728b)
Start importing Assets/Scripts/RotateCamera.cs using Guid(99f727fa0666447419540c20f434f6a9) Importer(815301076,1909f56bfc062723c751e8b465ee728b)  -> (artifact id: '9a5f3a117639ce8976ec3b8cac283aa6') in 0.004367 seconds
  Import took 0.006786 seconds .

========================================================================
Received Import Request.
  Time since last request: 553.570595 seconds.
  path: Assets/Scripts/PlayerController.cs
  artifactKey: Guid(c8ead9991d8f0471baaa164ed1daf49d) Importer(815301076,1909f56bfc062723c751e8b465ee728b)
Start importing Assets/Scripts/PlayerController.cs using Guid(c8ead9991d8f0471baaa164ed1daf49d) Importer(815301076,1909f56bfc062723c751e8b465ee728b)  -> (artifact id: '5f7e19603e2a5c384219773cdecb5804') in 0.002347 seconds
  Import took 0.004208 seconds .

========================================================================
Received Prepare
Registering precompiled user dll's ...
Registered in 0.000268 seconds.
Begin MonoManager ReloadAssembly
Native extension for OSXStandalone target not found
Refreshing native plugins compatible for Editor in 0.20 ms, found 1 plugins.
Preloading 0 native plugins for Editor in 0.00 ms.
Invoked RoslynAnalysisRunner static constructor.
RoslynAnalysisRunner will not be running.
RoslynAnalysisRunner has terminated.
Mono: successfully reloaded assembly
- Completed reload, in  0.858 seconds
Platform modules already initialized, skipping
Refreshing native plugins compatible for Editor in 0.20 ms, found 1 plugins.
Preloading 0 native plugins for Editor in 0.00 ms.
Unloading 1091 Unused Serialized files (Serialized files now loaded: 0)
System memory in use before: 117.9 MB.
System memory in use after: 118.0 MB.

Unloading 5 unused Assets to reduce memory usage. Loaded Objects now: 1545.
Total: 1.493287 ms (FindLiveObjects: 0.150374 ms CreateObjectMapping: 0.035962 ms MarkObjects: 1.259946 ms  DeleteObjects: 0.045900 ms)

========================================================================
Received Prepare
Registering precompiled user dll's ...
Registered in 0.000308 seconds.
Begin MonoManager ReloadAssembly
Native extension for OSXStandalone target not found
Refreshing native plugins compatible for Editor in 0.20 ms, found 1 plugins.
Preloading 0 native plugins for Editor in 0.00 ms.
Invoked RoslynAnalysisRunner static constructor.
RoslynAnalysisRunner will not be running.
RoslynAnalysisRunner has terminated.
Mono: successfully reloaded assembly
- Completed reload, in  0.919 seconds
Platform modules already initialized, skipping
Refreshing native plugins compatible for Editor in 0.18 ms, found 1 plugins.
Preloading 0 native plugins for Editor in 0.00 ms.
Unloading 1091 Unused Serialized files (Serialized files now loaded: 0)
System memory in use before: 118.3 MB.
System memory in use after: 118.4 MB.

Unloading 5 unused Assets to reduce memory usage. Loaded Objects now: 1547.
Total: 1.622645 ms (FindLiveObjects: 0.154402 ms CreateObjectMapping: 0.033892 ms MarkObjects: 1.390179 ms  DeleteObjects: 0.043018 ms)

========================================================================
Received Import Request.
  Time since last request: 5883.647670 seconds.
  path: Assets/Scripts/PlayerController.cs
  artifactKey: Guid(c8ead9991d8f0471baaa164ed1daf49d) Importer(815301076,1909f56bfc062723c751e8b465ee728b)
Start importing Assets/Scripts/PlayerController.cs using Guid(c8ead9991d8f0471baaa164ed1daf49d) Importer(815301076,1909f56bfc062723c751e8b465ee728b)  -> (artifact id: 'aeb8ccb3587f0e355658eaf2aa9f2beb') in 0.004324 seconds
  Import took 0.006943 seconds .

========================================================================
Received Prepare
Registering precompiled user dll's ...
Registered in 0.000366 seconds.
Begin MonoManager ReloadAssembly
Native extension for OSXStandalone target not found
Refreshing native plugins compatible for Editor in 0.20 ms, found 1 plugins.
Preloading 0 native plugins for Editor in 0.00 ms.
Invoked RoslynAnalysisRunner static constructor.
RoslynAnalysisRunner will not be running.
RoslynAnalysisRunner has terminated.
Mono: successfully reloaded assembly
- Completed reload, in  0.853 seconds
Platform modules already initialized, skipping
Refreshing native plugins compatible for Editor in 0.17 ms, found 1 plugins.
Preloading 0 native plugins for Editor in 0.00 ms.
Unloading 1091 Unused Serialized files (Serialized files now loaded: 0)
System memory in use before: 118.6 MB.
System memory in use after: 118.6 MB.

Unloading 5 unused Assets to reduce memory usage. Loaded Objects now: 1549.
Total: 1.430391 ms (FindLiveObjects: 0.135496 ms CreateObjectMapping: 0.032678 ms MarkObjects: 1.225184 ms  DeleteObjects: 0.036179 ms)

========================================================================
Received Import Request.
  Time since last request: 146.422734 seconds.
  path: Assets/Scripts/PlayerController.cs
  artifactKey: Guid(c8ead9991d8f0471baaa164ed1daf49d) Importer(815301076,1909f56bfc062723c751e8b465ee728b)
Start importing Assets/Scripts/PlayerController.cs using Guid(c8ead9991d8f0471baaa164ed1daf49d) Importer(815301076,1909f56bfc062723c751e8b465ee728b)  -> (artifact id: 'cef81b7176c75acb99e64d49ecc79edd') in 0.003544 seconds
  Import took 0.005349 seconds .

========================================================================
Received Import Request.
  Time since last request: 0.005036 seconds.
  path: Assets/Scripts/PlayerController.cs
  artifactKey: Guid(c8ead9991d8f0471baaa164ed1daf49d) Importer(815301076,1909f56bfc062723c751e8b465ee728b)
Start importing Assets/Scripts/PlayerController.cs using Guid(c8ead9991d8f0471baaa164ed1daf49d) Importer(815301076,1909f56bfc062723c751e8b465ee728b)  -> (artifact id: 'cef81b7176c75acb99e64d49ecc79edd') in 0.001200 seconds
  Import took 0.002792 seconds .

========================================================================
Received Prepare
Registering precompiled user dll's ...
Registered in 0.000406 seconds.
Begin MonoManager ReloadAssembly
Native extension for OSXStandalone target not found
Refreshing native plugins compatible for Editor in 0.18 ms, found 1 plugins.
Preloading 0 native plugins for Editor in 0.00 ms.
Invoked RoslynAnalysisRunner static constructor.
RoslynAnalysisRunner will not be running.
RoslynAnalysisRunner has terminated.
Mono: successfully reloaded assembly
- Completed reload, in  0.890 seconds
Platform modules already initialized, skipping
Refreshing native plugins compatible for Editor in 0.21 ms, found 1 plugins.
Preloading 0 native plugins for Editor in 0.00 ms.
Unloading 1091 Unused Serialized files (Serialized files now loaded: 0)
System memory in use before: 118.9 MB.
System memory in use after: 118.9 MB.

Unloading 5 unused Assets to reduce memory usage. Loaded Objects now: 1551.
Total: 1.870500 ms (FindLiveObjects: 0.131637 ms CreateObjectMapping: 0.029914 ms MarkObjects: 1.663293 ms  DeleteObjects: 0.044765 ms)

========================================================================
Received Prepare
Registering precompiled user dll's ...
Registered in 0.000495 seconds.
Begin MonoManager ReloadAssembly
Native extension for OSXStandalone target not found
Refreshing native plugins compatible for Editor in 0.33 ms, found 1 plugins.
Preloading 0 native plugins for Editor in 0.00 ms.
Invoked RoslynAnalysisRunner static constructor.
RoslynAnalysisRunner will not be running.
RoslynAnalysisRunner has terminated.
Mono: successfully reloaded assembly
- Completed reload, in  0.922 seconds
Platform modules already initialized, skipping
Refreshing native plugins compatible for Editor in 0.18 ms, found 1 plugins.
Preloading 0 native plugins for Editor in 0.00 ms.
Unloading 1091 Unused Serialized files (Serialized files now loaded: 0)
System memory in use before: 119.0 MB.
System memory in use after: 119.1 MB.

Unloading 5 unused Assets to reduce memory usage. Loaded Objects now: 1553.
Total: 1.443387 ms (FindLiveObjects: 0.152135 ms CreateObjectMapping: 0.037619 ms MarkObjects: 1.206383 ms  DeleteObjects: 0.046217 ms)

========================================================================
Received Prepare
Registering precompiled user dll's ...
Registered in 0.000624 seconds.
Begin MonoManager ReloadAssembly
Native extension for OSXStandalone target not found
Refreshing native plugins compatible for Editor in 0.21 ms, found 1 plugins.
Preloading 0 native plugins for Editor in 0.00 ms.
Invoked RoslynAnalysisRunner static constructor.
RoslynAnalysisRunner will not be running.
RoslynAnalysisRunner has terminated.
Mono: successfully reloaded assembly
- Completed reload, in  0.885 seconds
Platform modules already initialized, skipping
Refreshing native plugins compatible for Editor in 0.20 ms, found 1 plugins.
Preloading 0 native plugins for Editor in 0.00 ms.
Unloading 1091 Unused Serialized files (Serialized files now loaded: 0)
System memory in use before: 119.4 MB.
System memory in use after: 119.5 MB.

Unloading 5 unused Assets to reduce memory usage. Loaded Objects now: 1555.
Total: 2.219445 ms (FindLiveObjects: 0.170368 ms CreateObjectMapping: 0.044264 ms MarkObjects: 1.903701 ms  DeleteObjects: 0.083013 ms)

========================================================================
Received Prepare
Registering precompiled user dll's ...
Registered in 0.000354 seconds.
Begin MonoManager ReloadAssembly
Native extension for OSXStandalone target not found
Refreshing native plugins compatible for Editor in 0.18 ms, found 1 plugins.
Preloading 0 native plugins for Editor in 0.00 ms.
Invoked RoslynAnalysisRunner static constructor.
RoslynAnalysisRunner will not be running.
RoslynAnalysisRunner has terminated.
Mono: successfully reloaded assembly
- Completed reload, in  0.861 seconds
Platform modules already initialized, skipping
Refreshing native plugins compatible for Editor in 0.16 ms, found 1 plugins.
Preloading 0 native plugins for Editor in 0.00 ms.
Unloading 1091 Unused Serialized files (Serialized files now loaded: 0)
System memory in use before: 119.7 MB.
System memory in use after: 119.8 MB.

Unloading 5 unused Assets to reduce memory usage. Loaded Objects now: 1557.
Total: 1.836203 ms (FindLiveObjects: 0.170974 ms CreateObjectMapping: 0.041700 ms MarkObjects: 1.559909 ms  DeleteObjects: 0.062008 ms)

========================================================================
Received Prepare
Registering precompiled user dll's ...
Registered in 0.000635 seconds.
Begin MonoManager ReloadAssembly
Native extension for OSXStandalone target not found
Refreshing native plugins compatible for Editor in 0.17 ms, found 1 plugins.
Preloading 0 native plugins for Editor in 0.00 ms.
Invoked RoslynAnalysisRunner static constructor.
RoslynAnalysisRunner will not be running.
RoslynAnalysisRunner has terminated.
Mono: successfully reloaded assembly
- Completed reload, in  0.789 seconds
Platform modules already initialized, skipping
Refreshing native plugins compatible for Editor in 0.11 ms, found 1 plugins.
Preloading 0 native plugins for Editor in 0.00 ms.
Unloading 1091 Unused Serialized files (Serialized files now loaded: 0)
System memory in use before: 120.0 MB.
System memory in use after: 120.1 MB.

Unloading 5 unused Assets to reduce memory usage. Loaded Objects now: 1559.
Total: 1.846409 ms (FindLiveObjects: 0.166154 ms CreateObjectMapping: 0.043317 ms MarkObjects: 1.589249 ms  DeleteObjects: 0.045966 ms)

========================================================================
Received Prepare
Registering precompiled user dll's ...
Registered in 0.000480 seconds.
Begin MonoManager ReloadAssembly
Native extension for OSXStandalone target not found
Refreshing native plugins compatible for Editor in 0.18 ms, found 1 plugins.
Preloading 0 native plugins for Editor in 0.00 ms.
Invoked RoslynAnalysisRunner static constructor.
RoslynAnalysisRunner will not be running.
RoslynAnalysisRunner has terminated.
Mono: successfully reloaded assembly
- Completed reload, in  0.864 seconds
Platform modules already initialized, skipping
Refreshing native plugins compatible for Editor in 0.20 ms, found 1 plugins.
Preloading 0 native plugins for Editor in 0.00 ms.
Unloading 1091 Unused Serialized files (Serialized files now loaded: 0)
System memory in use before: 120.3 MB.
System memory in use after: 120.4 MB.

Unloading 5 unused Assets to reduce memory usage. Loaded Objects now: 1561.
Total: 1.641448 ms (FindLiveObjects: 0.153863 ms CreateObjectMapping: 0.038199 ms MarkObjects: 1.402795 ms  DeleteObjects: 0.045243 ms)

========================================================================
Received Import Request.
  Time since last request: 713.900424 seconds.
  path: Assets/Course Library/Textures
  artifactKey: Guid(8374f953160f8474da736dfbd18217e0) Importer(815301076,1909f56bfc062723c751e8b465ee728b)
Start importing Assets/Course Library/Textures using Guid(8374f953160f8474da736dfbd18217e0) Importer(815301076,1909f56bfc062723c751e8b465ee728b)  -> (artifact id: '657ca6782cdafa96d3b0f58320cd1cf8') in 0.003673 seconds
  Import took 0.005697 seconds .

========================================================================
Received Prepare
Registering precompiled user dll's ...
Registered in 0.000986 seconds.
Begin MonoManager ReloadAssembly
Native extension for OSXStandalone target not found
Refreshing native plugins compatible for Editor in 0.18 ms, found 1 plugins.
Preloading 0 native plugins for Editor in 0.00 ms.
Invoked RoslynAnalysisRunner static constructor.
RoslynAnalysisRunner will not be running.
RoslynAnalysisRunner has terminated.
Mono: successfully reloaded assembly
- Completed reload, in  0.810 seconds
Platform modules already initialized, skipping
Refreshing native plugins compatible for Editor in 0.21 ms, found 1 plugins.
Preloading 0 native plugins for Editor in 0.00 ms.
Unloading 1091 Unused Serialized files (Serialized files now loaded: 0)
System memory in use before: 120.6 MB.
System memory in use after: 120.7 MB.

Unloading 5 unused Assets to reduce memory usage. Loaded Objects now: 1563.
Total: 1.577904 ms (FindLiveObjects: 0.162071 ms CreateObjectMapping: 0.044601 ms MarkObjects: 1.324040 ms  DeleteObjects: 0.045802 ms)

========================================================================
Received Import Request.
  Time since last request: 693.516666 seconds.
  path: Assets/Physics Materials
  artifactKey: Guid(cb500b2856c6044e0bff83a3eccc703f) Importer(815301076,1909f56bfc062723c751e8b465ee728b)
Start importing Assets/Physics Materials using Guid(cb500b2856c6044e0bff83a3eccc703f) Importer(815301076,1909f56bfc062723c751e8b465ee728b)  -> (artifact id: 'b72e9d01e18b052ab983ec820bfe664e') in 0.003073 seconds
  Import took 0.004684 seconds .

========================================================================
Received Import Request.
  Time since last request: 15.329956 seconds.
  path: Assets/Physics Materials/Bouncy.physicMaterial
  artifactKey: Guid(f83dba2e50e3d48039db1702eeab25af) Importer(815301076,1909f56bfc062723c751e8b465ee728b)
Start importing Assets/Physics Materials/Bouncy.physicMaterial using Guid(f83dba2e50e3d48039db1702eeab25af) Importer(815301076,1909f56bfc062723c751e8b465ee728b)  -> (artifact id: '5808ade08edf91d384a013303320ea89') in 0.226528 seconds
  Import took 0.228362 seconds .

========================================================================
Received Prepare
Registering precompiled user dll's ...
Registered in 0.000492 seconds.
Begin MonoManager ReloadAssembly
Native extension for OSXStandalone target not found
Refreshing native plugins compatible for Editor in 0.18 ms, found 1 plugins.
Preloading 0 native plugins for Editor in 0.00 ms.
Invoked RoslynAnalysisRunner static constructor.
RoslynAnalysisRunner will not be running.
RoslynAnalysisRunner has terminated.
Mono: successfully reloaded assembly
- Completed reload, in  0.874 seconds
Platform modules already initialized, skipping
Refreshing native plugins compatible for Editor in 0.16 ms, found 1 plugins.
Preloading 0 native plugins for Editor in 0.00 ms.
Unloading 1091 Unused Serialized files (Serialized files now loaded: 0)
System memory in use before: 125.1 MB.
System memory in use after: 125.2 MB.

Unloading 5 unused Assets to reduce memory usage. Loaded Objects now: 1565.
Total: 1.419920 ms (FindLiveObjects: 0.176933 ms CreateObjectMapping: 0.034890 ms MarkObjects: 1.172708 ms  DeleteObjects: 0.034575 ms)

========================================================================
Received Import Request.
  Time since last request: 678.099104 seconds.
  path: Assets/Scripts/Enemy.cs
  artifactKey: Guid(5c0b561d1f29d47fa943c6d400be1581) Importer(815301076,1909f56bfc062723c751e8b465ee728b)
Start importing Assets/Scripts/Enemy.cs using Guid(5c0b561d1f29d47fa943c6d400be1581) Importer(815301076,1909f56bfc062723c751e8b465ee728b)  -> (artifact id: '3f01bc9d80396e511cf06f098fce423a') in 0.006155 seconds
  Import took 0.007869 seconds .

========================================================================
Received Prepare
Registering precompiled user dll's ...
Registered in 0.000272 seconds.
Begin MonoManager ReloadAssembly
Native extension for OSXStandalone target not found
Refreshing native plugins compatible for Editor in 0.20 ms, found 1 plugins.
Preloading 0 native plugins for Editor in 0.00 ms.
Invoked RoslynAnalysisRunner static constructor.
RoslynAnalysisRunner will not be running.
RoslynAnalysisRunner has terminated.
Mono: successfully reloaded assembly
- Completed reload, in  0.823 seconds
Platform modules already initialized, skipping
Refreshing native plugins compatible for Editor in 0.13 ms, found 1 plugins.
Preloading 0 native plugins for Editor in 0.00 ms.
Unloading 1092 Unused Serialized files (Serialized files now loaded: 0)
System memory in use before: 125.4 MB.
System memory in use after: 125.5 MB.

Unloading 5 unused Assets to reduce memory usage. Loaded Objects now: 1568.
Total: 2.002417 ms (FindLiveObjects: 0.165077 ms CreateObjectMapping: 0.043596 ms MarkObjects: 1.726725 ms  DeleteObjects: 0.065299 ms)

========================================================================
Received Prepare
Registering precompiled user dll's ...
Registered in 0.000326 seconds.
Begin MonoManager ReloadAssembly
Native extension for OSXStandalone target not found
Refreshing native plugins compatible for Editor in 0.20 ms, found 1 plugins.
Preloading 0 native plugins for Editor in 0.00 ms.
Invoked RoslynAnalysisRunner static constructor.
RoslynAnalysisRunner will not be running.
RoslynAnalysisRunner has terminated.
Mono: successfully reloaded assembly
- Completed reload, in  0.965 seconds
Platform modules already initialized, skipping
Refreshing native plugins compatible for Editor in 0.21 ms, found 1 plugins.
Preloading 0 native plugins for Editor in 0.00 ms.
Unloading 1092 Unused Serialized files (Serialized files now loaded: 0)
System memory in use before: 125.6 MB.
System memory in use after: 125.7 MB.

Unloading 5 unused Assets to reduce memory usage. Loaded Objects now: 1570.
Total: 1.984523 ms (FindLiveObjects: 0.151992 ms CreateObjectMapping: 0.035717 ms MarkObjects: 1.749955 ms  DeleteObjects: 0.045873 ms)

========================================================================
Received Import Request.
  Time since last request: 117.132226 seconds.
  path: Assets/Scripts/Enemy.cs
  artifactKey: Guid(5c0b561d1f29d47fa943c6d400be1581) Importer(815301076,1909f56bfc062723c751e8b465ee728b)
Start importing Assets/Scripts/Enemy.cs using Guid(5c0b561d1f29d47fa943c6d400be1581) Importer(815301076,1909f56bfc062723c751e8b465ee728b)  -> (artifact id: '3048613d35b424f6283faa492d646970') in 0.006391 seconds
  Import took 0.008652 seconds .

========================================================================
Received Prepare
Registering precompiled user dll's ...
Registered in 0.000379 seconds.
Begin MonoManager ReloadAssembly
Native extension for OSXStandalone target not found
Refreshing native plugins compatible for Editor in 0.21 ms, found 1 plugins.
Preloading 0 native plugins for Editor in 0.00 ms.
Invoked RoslynAnalysisRunner static constructor.
RoslynAnalysisRunner will not be running.
RoslynAnalysisRunner has terminated.
Mono: successfully reloaded assembly
- Completed reload, in  0.889 seconds
Platform modules already initialized, skipping
Refreshing native plugins compatible for Editor in 0.19 ms, found 1 plugins.
Preloading 0 native plugins for Editor in 0.00 ms.
Unloading 1092 Unused Serialized files (Serialized files now loaded: 0)
System memory in use before: 125.0 MB.
System memory in use after: 125.1 MB.

Unloading 5 unused Assets to reduce memory usage. Loaded Objects now: 1572.
Total: 1.445277 ms (FindLiveObjects: 0.134063 ms CreateObjectMapping: 0.033167 ms MarkObjects: 1.237184 ms  DeleteObjects: 0.039906 ms)

========================================================================
Received Prepare
Registering precompiled user dll's ...
Registered in 0.000384 seconds.
Begin MonoManager ReloadAssembly
Native extension for OSXStandalone target not found
Refreshing native plugins compatible for Editor in 0.20 ms, found 1 plugins.
Preloading 0 native plugins for Editor in 0.00 ms.
Invoked RoslynAnalysisRunner static constructor.
RoslynAnalysisRunner will not be running.
RoslynAnalysisRunner has terminated.
Mono: successfully reloaded assembly
- Completed reload, in  0.883 seconds
Platform modules already initialized, skipping
Refreshing native plugins compatible for Editor in 0.16 ms, found 1 plugins.
Preloading 0 native plugins for Editor in 0.00 ms.
Unloading 1092 Unused Serialized files (Serialized files now loaded: 0)
System memory in use before: 125.3 MB.
System memory in use after: 125.3 MB.

Unloading 5 unused Assets to reduce memory usage. Loaded Objects now: 1574.
Total: 1.492299 ms (FindLiveObjects: 0.154566 ms CreateObjectMapping: 0.035063 ms MarkObjects: 1.259528 ms  DeleteObjects: 0.041523 ms)

========================================================================
Received Import Request.
  Time since last request: 177.680391 seconds.
  path: Assets/Scripts/Enemy.cs
  artifactKey: Guid(5c0b561d1f29d47fa943c6d400be1581) Importer(815301076,1909f56bfc062723c751e8b465ee728b)
Start importing Assets/Scripts/Enemy.cs using Guid(5c0b561d1f29d47fa943c6d400be1581) Importer(815301076,1909f56bfc062723c751e8b465ee728b)  -> (artifact id: 'a7a8be1b86243f8886894539beb807dd') in 0.005898 seconds
  Import took 0.008169 seconds .

========================================================================
Received Prepare
Registering precompiled user dll's ...
Registered in 0.000344 seconds.
Begin MonoManager ReloadAssembly
Native extension for OSXStandalone target not found
Refreshing native plugins compatible for Editor in 0.22 ms, found 1 plugins.
Preloading 0 native plugins for Editor in 0.00 ms.
Invoked RoslynAnalysisRunner static constructor.
RoslynAnalysisRunner will not be running.
RoslynAnalysisRunner has terminated.
Mono: successfully reloaded assembly
- Completed reload, in  0.871 seconds
Platform modules already initialized, skipping
Refreshing native plugins compatible for Editor in 0.20 ms, found 1 plugins.
Preloading 0 native plugins for Editor in 0.00 ms.
Unloading 1092 Unused Serialized files (Serialized files now loaded: 0)
System memory in use before: 125.5 MB.
System memory in use after: 125.6 MB.

Unloading 5 unused Assets to reduce memory usage. Loaded Objects now: 1576.
Total: 1.640068 ms (FindLiveObjects: 0.163835 ms CreateObjectMapping: 0.079852 ms MarkObjects: 1.353641 ms  DeleteObjects: 0.041773 ms)

========================================================================
Received Import Request.
  Time since last request: 34.695397 seconds.
  path: Assets/Prefab
  artifactKey: Guid(705c49ff2a404496291ab0f28c278669) Importer(815301076,1909f56bfc062723c751e8b465ee728b)
Start importing Assets/Prefab using Guid(705c49ff2a404496291ab0f28c278669) Importer(815301076,1909f56bfc062723c751e8b465ee728b)  -> (artifact id: 'd08e6a5ca542983380e261a5f52354d7') in 0.003313 seconds
  Import took 0.004894 seconds .

========================================================================
Received Import Request.
  Time since last request: 1.650709 seconds.
  path: Assets/Prefab/Enemy.prefab
  artifactKey: Guid(fadb75c467c5b457c80fb17463ab9a74) Importer(815301076,1909f56bfc062723c751e8b465ee728b)
Start importing Assets/Prefab/Enemy.prefab using Guid(fadb75c467c5b457c80fb17463ab9a74) Importer(815301076,1909f56bfc062723c751e8b465ee728b)  -> (artifact id: '3f7a6cc6b02f74be3f5fad9f379bc6f9') in 0.229035 seconds
  Import took 0.230962 seconds .

========================================================================
Received Import Request.
  Time since last request: 54.866859 seconds.
  path: Assets/Scripts/SpawnManager.cs
  artifactKey: Guid(cb2e0319bc6b1443eb0be3165cef122f) Importer(815301076,1909f56bfc062723c751e8b465ee728b)
Start importing Assets/Scripts/SpawnManager.cs using Guid(cb2e0319bc6b1443eb0be3165cef122f) Importer(815301076,1909f56bfc062723c751e8b465ee728b)  -> (artifact id: '037ac01e5aef653ccc200e3e706a287c') in 0.002239 seconds
  Import took 0.003998 seconds .

========================================================================
Received Import Request.
  Time since last request: 0.000243 seconds.
  path: Assets/Scripts/SpawnManager.cs
  artifactKey: Guid(cb2e0319bc6b1443eb0be3165cef122f) Importer(815301076,1909f56bfc062723c751e8b465ee728b)
Start importing Assets/Scripts/SpawnManager.cs using Guid(cb2e0319bc6b1443eb0be3165cef122f) Importer(815301076,1909f56bfc062723c751e8b465ee728b)  -> (artifact id: '037ac01e5aef653ccc200e3e706a287c') in 0.002164 seconds
  Import took 0.003772 seconds .

========================================================================
Received Prepare
Registering precompiled user dll's ...
Registered in 0.000404 seconds.
Begin MonoManager ReloadAssembly
Native extension for OSXStandalone target not found
Refreshing native plugins compatible for Editor in 0.20 ms, found 1 plugins.
Preloading 0 native plugins for Editor in 0.00 ms.
Invoked RoslynAnalysisRunner static constructor.
RoslynAnalysisRunner will not be running.
RoslynAnalysisRunner has terminated.
Mono: successfully reloaded assembly
- Completed reload, in  0.867 seconds
Platform modules already initialized, skipping
Refreshing native plugins compatible for Editor in 0.21 ms, found 1 plugins.
Preloading 0 native plugins for Editor in 0.00 ms.
Unloading 1093 Unused Serialized files (Serialized files now loaded: 0)
System memory in use before: 133.9 MB.
System memory in use after: 133.9 MB.

Unloading 5 unused Assets to reduce memory usage. Loaded Objects now: 1589.
Total: 1.438180 ms (FindLiveObjects: 0.138974 ms CreateObjectMapping: 0.033546 ms MarkObjects: 1.224437 ms  DeleteObjects: 0.040392 ms)

========================================================================
Received Import Request.
  Time since last request: 310.819246 seconds.
  path: Assets/Scripts/SpawnManager.cs
  artifactKey: Guid(cb2e0319bc6b1443eb0be3165cef122f) Importer(815301076,1909f56bfc062723c751e8b465ee728b)
Start importing Assets/Scripts/SpawnManager.cs using Guid(cb2e0319bc6b1443eb0be3165cef122f) Importer(815301076,1909f56bfc062723c751e8b465ee728b)  -> (artifact id: '24470103e7873e7c0732599d0c290439') in 0.003330 seconds
  Import took 0.005341 seconds .

========================================================================
Received Prepare
Registering precompiled user dll's ...
Registered in 0.000489 seconds.
Begin MonoManager ReloadAssembly
Native extension for OSXStandalone target not found
Refreshing native plugins compatible for Editor in 0.19 ms, found 1 plugins.
Preloading 0 native plugins for Editor in 0.00 ms.
Invoked RoslynAnalysisRunner static constructor.
RoslynAnalysisRunner will not be running.
RoslynAnalysisRunner has terminated.
Mono: successfully reloaded assembly
- Completed reload, in  0.878 seconds
Platform modules already initialized, skipping
Refreshing native plugins compatible for Editor in 0.20 ms, found 1 plugins.
Preloading 0 native plugins for Editor in 0.00 ms.
Unloading 1093 Unused Serialized files (Serialized files now loaded: 0)
System memory in use before: 134.2 MB.
System memory in use after: 134.3 MB.

Unloading 5 unused Assets to reduce memory usage. Loaded Objects now: 1591.
Total: 1.380552 ms (FindLiveObjects: 0.129753 ms CreateObjectMapping: 0.031938 ms MarkObjects: 1.178474 ms  DeleteObjects: 0.039280 ms)

========================================================================
Received Import Request.
  Time since last request: 62.687387 seconds.
  path: Assets/Scripts/SpawnManager.cs
  artifactKey: Guid(cb2e0319bc6b1443eb0be3165cef122f) Importer(815301076,1909f56bfc062723c751e8b465ee728b)
Start importing Assets/Scripts/SpawnManager.cs using Guid(cb2e0319bc6b1443eb0be3165cef122f) Importer(815301076,1909f56bfc062723c751e8b465ee728b)  -> (artifact id: 'faafdc8a08ee1e55a4bc5776a093ffbe') in 0.003440 seconds
  Import took 0.005657 seconds .

========================================================================
Received Import Request.
  Time since last request: 0.003294 seconds.
  path: Assets/Scripts/SpawnManager.cs
  artifactKey: Guid(cb2e0319bc6b1443eb0be3165cef122f) Importer(815301076,1909f56bfc062723c751e8b465ee728b)
Start importing Assets/Scripts/SpawnManager.cs using Guid(cb2e0319bc6b1443eb0be3165cef122f) Importer(815301076,1909f56bfc062723c751e8b465ee728b)  -> (artifact id: 'faafdc8a08ee1e55a4bc5776a093ffbe') in 0.001175 seconds
  Import took 0.002616 seconds .

========================================================================
Received Prepare
Registering precompiled user dll's ...
Registered in 0.000328 seconds.
Begin MonoManager ReloadAssembly
Native extension for OSXStandalone target not found
Refreshing native plugins compatible for Editor in 0.20 ms, found 1 plugins.
Preloading 0 native plugins for Editor in 0.00 ms.
Invoked RoslynAnalysisRunner static constructor.
RoslynAnalysisRunner will not be running.
RoslynAnalysisRunner has terminated.
Mono: successfully reloaded assembly
- Completed reload, in  0.874 seconds
Platform modules already initialized, skipping
Refreshing native plugins compatible for Editor in 0.20 ms, found 1 plugins.
Preloading 0 native plugins for Editor in 0.00 ms.
Unloading 1093 Unused Serialized files (Serialized files now loaded: 0)
System memory in use before: 134.5 MB.
System memory in use after: 134.6 MB.

Unloading 5 unused Assets to reduce memory usage. Loaded Objects now: 1593.
Total: 1.407534 ms (FindLiveObjects: 0.143264 ms CreateObjectMapping: 0.034228 ms MarkObjects: 1.189625 ms  DeleteObjects: 0.039476 ms)

========================================================================
Received Prepare
Registering precompiled user dll's ...
Registered in 0.000393 seconds.
Begin MonoManager ReloadAssembly
Native extension for OSXStandalone target not found
Refreshing native plugins compatible for Editor in 0.21 ms, found 1 plugins.
Preloading 0 native plugins for Editor in 0.00 ms.
Invoked RoslynAnalysisRunner static constructor.
RoslynAnalysisRunner will not be running.
RoslynAnalysisRunner has terminated.
Mono: successfully reloaded assembly
- Completed reload, in  0.944 seconds
Platform modules already initialized, skipping
Refreshing native plugins compatible for Editor in 0.20 ms, found 1 plugins.
Preloading 0 native plugins for Editor in 0.00 ms.
Unloading 1093 Unused Serialized files (Serialized files now loaded: 0)
System memory in use before: 134.7 MB.
System memory in use after: 134.8 MB.

Unloading 5 unused Assets to reduce memory usage. Loaded Objects now: 1595.
Total: 1.645219 ms (FindLiveObjects: 0.141743 ms CreateObjectMapping: 0.036698 ms MarkObjects: 1.422358 ms  DeleteObjects: 0.043324 ms)

========================================================================
Received Import Request.
  Time since last request: 249.388118 seconds.
  path: Assets/Scripts/SpawnManager.cs
  artifactKey: Guid(cb2e0319bc6b1443eb0be3165cef122f) Importer(815301076,1909f56bfc062723c751e8b465ee728b)
Start importing Assets/Scripts/SpawnManager.cs using Guid(cb2e0319bc6b1443eb0be3165cef122f) Importer(815301076,1909f56bfc062723c751e8b465ee728b)  -> (artifact id: '9438b59ad221f2e3f2d4b59f5e01f278') in 0.003488 seconds
  Import took 0.004945 seconds .

========================================================================
Received Import Request.
  Time since last request: 0.002703 seconds.
  path: Assets/Scripts/SpawnManager.cs
  artifactKey: Guid(cb2e0319bc6b1443eb0be3165cef122f) Importer(815301076,1909f56bfc062723c751e8b465ee728b)
Start importing Assets/Scripts/SpawnManager.cs using Guid(cb2e0319bc6b1443eb0be3165cef122f) Importer(815301076,1909f56bfc062723c751e8b465ee728b)  -> (artifact id: '9438b59ad221f2e3f2d4b59f5e01f278') in 0.001027 seconds
  Import took 0.002444 seconds .

========================================================================
Received Prepare
Registering precompiled user dll's ...
Registered in 0.000357 seconds.
Begin MonoManager ReloadAssembly
Native extension for OSXStandalone target not found
Refreshing native plugins compatible for Editor in 0.24 ms, found 1 plugins.
Preloading 0 native plugins for Editor in 0.00 ms.
Invoked RoslynAnalysisRunner static constructor.
RoslynAnalysisRunner will not be running.
RoslynAnalysisRunner has terminated.
Mono: successfully reloaded assembly
- Completed reload, in  0.974 seconds
Platform modules already initialized, skipping
Refreshing native plugins compatible for Editor in 0.19 ms, found 1 plugins.
Preloading 0 native plugins for Editor in 0.00 ms.
Unloading 1093 Unused Serialized files (Serialized files now loaded: 0)
System memory in use before: 134.1 MB.
System memory in use after: 134.2 MB.

Unloading 5 unused Assets to reduce memory usage. Loaded Objects now: 1597.
Total: 1.416548 ms (FindLiveObjects: 0.136853 ms CreateObjectMapping: 0.035812 ms MarkObjects: 1.203772 ms  DeleteObjects: 0.039164 ms)

========================================================================
Received Prepare
Registering precompiled user dll's ...
Registered in 0.000373 seconds.
Begin MonoManager ReloadAssembly
Native extension for OSXStandalone target not found
Refreshing native plugins compatible for Editor in 0.21 ms, found 1 plugins.
Preloading 0 native plugins for Editor in 0.00 ms.
Invoked RoslynAnalysisRunner static constructor.
RoslynAnalysisRunner will not be running.
RoslynAnalysisRunner has terminated.
Mono: successfully reloaded assembly
- Completed reload, in  0.893 seconds
Platform modules already initialized, skipping
Refreshing native plugins compatible for Editor in 0.18 ms, found 1 plugins.
Preloading 0 native plugins for Editor in 0.00 ms.
Unloading 1093 Unused Serialized files (Serialized files now loaded: 0)
System memory in use before: 134.5 MB.
System memory in use after: 134.5 MB.

Unloading 5 unused Assets to reduce memory usage. Loaded Objects now: 1599.
Total: 1.459935 ms (FindLiveObjects: 0.142682 ms CreateObjectMapping: 0.032767 ms MarkObjects: 1.243404 ms  DeleteObjects: 0.040039 ms)

========================================================================
Received Import Request.
  Time since last request: 185.667371 seconds.
  path: Assets/Course Library/Powerup Indicators
  artifactKey: Guid(f118de1f1c03ca2429afc8068f760de3) Importer(815301076,1909f56bfc062723c751e8b465ee728b)
Start importing Assets/Course Library/Powerup Indicators using Guid(f118de1f1c03ca2429afc8068f760de3) Importer(815301076,1909f56bfc062723c751e8b465ee728b)  -> (artifact id: '2022c0af54169d8a5af67bec8fa6a029') in 0.002819 seconds
  Import took 0.004448 seconds .

========================================================================
Received Import Request.
  Time since last request: 0.011770 seconds.
  path: Assets/Course Library/Powerup Indicators
  artifactKey: Guid(f118de1f1c03ca2429afc8068f760de3) Importer(815301076,1909f56bfc062723c751e8b465ee728b)
Start importing Assets/Course Library/Powerup Indicators using Guid(f118de1f1c03ca2429afc8068f760de3) Importer(815301076,1909f56bfc062723c751e8b465ee728b)  -> (artifact id: '2022c0af54169d8a5af67bec8fa6a029') in 0.000702 seconds
  Import took 0.002098 seconds .

========================================================================
Received Import Request.
  Time since last request: 0.084360 seconds.
  path: Assets/Course Library/Powerup Indicators/Balloon_01.prefab
  artifactKey: Guid(5e5b016a0cd771740aae0b664476d77d) Importer(815301076,1909f56bfc062723c751e8b465ee728b)
Start importing Assets/Course Library/Powerup Indicators/Balloon_01.prefab using Guid(5e5b016a0cd771740aae0b664476d77d) Importer(815301076,1909f56bfc062723c751e8b465ee728b)  -> (artifact id: '85a03b5ab8f3248e3e8c801e76934d73') in 0.067998 seconds
  Import took 0.070487 seconds .

========================================================================
Received Import Request.
  Time since last request: 0.000169 seconds.
  path: Assets/Course Library/Powerup Indicators/SelectionRing_03.prefab
  artifactKey: Guid(1656aec7f2b3ffe45a91801f58b00253) Importer(815301076,1909f56bfc062723c751e8b465ee728b)
Start importing Assets/Course Library/Powerup Indicators/SelectionRing_03.prefab using Guid(1656aec7f2b3ffe45a91801f58b00253) Importer(815301076,1909f56bfc062723c751e8b465ee728b)  -> (artifact id: 'd87ec5936b8114d64d7cef63b4de0388') in 0.010535 seconds
  Import took 0.012242 seconds .

========================================================================
Received Import Request.
  Time since last request: 0.000180 seconds.
  path: Assets/Course Library/Powerup Indicators/SelectionRing_02.prefab
  artifactKey: Guid(923deea38dc6a8843b15db7638919c1e) Importer(815301076,1909f56bfc062723c751e8b465ee728b)
Start importing Assets/Course Library/Powerup Indicators/SelectionRing_02.prefab using Guid(923deea38dc6a8843b15db7638919c1e) Importer(815301076,1909f56bfc062723c751e8b465ee728b)  -> (artifact id: 'aef8e84a1d7829a127c0534489fc4350') in 0.009841 seconds
  Import took 0.011964 seconds .

========================================================================
Received Import Request.
  Time since last request: 0.000169 seconds.
  path: Assets/Course Library/Powerup Indicators/SelectionRing_06.prefab
  artifactKey: Guid(11a653b9169986c4f9436a3002fb4516) Importer(815301076,1909f56bfc062723c751e8b465ee728b)
Start importing Assets/Course Library/Powerup Indicators/SelectionRing_06.prefab using Guid(11a653b9169986c4f9436a3002fb4516) Importer(815301076,1909f56bfc062723c751e8b465ee728b)  -> (artifact id: 'd5957be41e5ba88a0e17fc73e8ee0925') in 0.010753 seconds
  Import took 0.012799 seconds .

========================================================================
Received Import Request.
  Time since last request: 20.195293 seconds.
  path: Assets/Course Library/_Source_Files/Materials/FX_Dust.mat
  artifactKey: Guid(cd97a4f0bfba00a46a4a29156f2a23bd) Importer(815301076,1909f56bfc062723c751e8b465ee728b)
Start importing Assets/Course Library/_Source_Files/Materials/FX_Dust.mat using Guid(cd97a4f0bfba00a46a4a29156f2a23bd) Importer(815301076,1909f56bfc062723c751e8b465ee728b)  -> (artifact id: 'fd802d3ac6bcfed813981294db09aa58') in 0.244817 seconds
  Import took 0.246739 seconds .

========================================================================
Received Import Request.
  Time since last request: 1114.830697 seconds.
  path: ProjectSettings/TagManager.asset
  artifactKey: Guid(00000000000000003000000000000000) Importer(815301076,1909f56bfc062723c751e8b465ee728b)
Start importing ProjectSettings/TagManager.asset using Guid(00000000000000003000000000000000) Importer(815301076,1909f56bfc062723c751e8b465ee728b)  -> (artifact id: '4a18aeb2d1fe9dbf2d7c7a049a0fc886') in 0.139006 seconds
  Import took 0.141067 seconds .

========================================================================
Received Import Request.
  Time since last request: 712.808303 seconds.
  path: Assets/Prefab/Powerup.prefab
  artifactKey: Guid(533613f6db8f74bc18de0a568fd6487f) Importer(815301076,1909f56bfc062723c751e8b465ee728b)
Start importing Assets/Prefab/Powerup.prefab using Guid(533613f6db8f74bc18de0a568fd6487f) Importer(815301076,1909f56bfc062723c751e8b465ee728b)  -> (artifact id: '309943430ef0a23f3ed13921cdbbb050') in 0.011414 seconds
  Import took 0.013579 seconds .

========================================================================
Received Import Request.
  Time since last request: 0.014989 seconds.
  path: Assets/Prefab/Powerup.prefab
  artifactKey: Guid(533613f6db8f74bc18de0a568fd6487f) Importer(815301076,1909f56bfc062723c751e8b465ee728b)
Start importing Assets/Prefab/Powerup.prefab using Guid(533613f6db8f74bc18de0a568fd6487f) Importer(815301076,1909f56bfc062723c751e8b465ee728b)  -> (artifact id: '309943430ef0a23f3ed13921cdbbb050') in 0.011623 seconds
  Import took 0.014191 seconds .

========================================================================
Received Import Request.
  Time since last request: 22.610445 seconds.
  path: Assets/Scenes
  artifactKey: Guid(8a437e5ce51dd4b80bdf633affb46ab7) Importer(815301076,1909f56bfc062723c751e8b465ee728b)
Start importing Assets/Scenes using Guid(8a437e5ce51dd4b80bdf633affb46ab7) Importer(815301076,1909f56bfc062723c751e8b465ee728b)  -> (artifact id: 'a13b1385c519f7a001dd44880b6eea6c') in 0.001010 seconds
  Import took 0.002870 seconds .

========================================================================
Received Import Request.
  Time since last request: 68.132005 seconds.
  path: Assets/Scripts/PlayerController.cs
  artifactKey: Guid(c8ead9991d8f0471baaa164ed1daf49d) Importer(815301076,1909f56bfc062723c751e8b465ee728b)
Start importing Assets/Scripts/PlayerController.cs using Guid(c8ead9991d8f0471baaa164ed1daf49d) Importer(815301076,1909f56bfc062723c751e8b465ee728b)  -> (artifact id: 'a5ed41743ceafca54a1fd4553bdac774') in 0.001436 seconds
  Import took 0.003195 seconds .

========================================================================
Received Prepare
Registering precompiled user dll's ...
Registered in 0.000329 seconds.
Begin MonoManager ReloadAssembly
Native extension for OSXStandalone target not found
Refreshing native plugins compatible for Editor in 0.25 ms, found 1 plugins.
Preloading 0 native plugins for Editor in 0.00 ms.
Invoked RoslynAnalysisRunner static constructor.
RoslynAnalysisRunner will not be running.
RoslynAnalysisRunner has terminated.
Mono: successfully reloaded assembly
- Completed reload, in  0.868 seconds
Platform modules already initialized, skipping
Refreshing native plugins compatible for Editor in 0.53 ms, found 1 plugins.
Preloading 0 native plugins for Editor in 0.00 ms.
Unloading 1093 Unused Serialized files (Serialized files now loaded: 0)
System memory in use before: 143.6 MB.
System memory in use after: 143.7 MB.

Unloading 7 unused Assets to reduce memory usage. Loaded Objects now: 1636.
Total: 1.549484 ms (FindLiveObjects: 0.158505 ms CreateObjectMapping: 0.041810 ms MarkObjects: 1.295618 ms  DeleteObjects: 0.052284 ms)

========================================================================
Received Prepare
Registering precompiled user dll's ...
Registered in 0.000320 seconds.
Begin MonoManager ReloadAssembly
Native extension for OSXStandalone target not found
Refreshing native plugins compatible for Editor in 0.19 ms, found 1 plugins.
Preloading 0 native plugins for Editor in 0.00 ms.
Invoked RoslynAnalysisRunner static constructor.
RoslynAnalysisRunner will not be running.
RoslynAnalysisRunner has terminated.
Mono: successfully reloaded assembly
- Completed reload, in  0.887 seconds
Platform modules already initialized, skipping
Refreshing native plugins compatible for Editor in 0.29 ms, found 1 plugins.
Preloading 0 native plugins for Editor in 0.00 ms.
Unloading 1093 Unused Serialized files (Serialized files now loaded: 0)
System memory in use before: 143.9 MB.
System memory in use after: 144.0 MB.

Unloading 5 unused Assets to reduce memory usage. Loaded Objects now: 1638.
Total: 2.006026 ms (FindLiveObjects: 0.169881 ms CreateObjectMapping: 0.045378 ms MarkObjects: 1.741357 ms  DeleteObjects: 0.048320 ms)

========================================================================
Received Import Request.
  Time since last request: 118.477370 seconds.
  path: Assets/Prefab/Enemy.prefab
  artifactKey: Guid(fadb75c467c5b457c80fb17463ab9a74) Importer(815301076,1909f56bfc062723c751e8b465ee728b)
Start importing Assets/Prefab/Enemy.prefab using Guid(fadb75c467c5b457c80fb17463ab9a74) Importer(815301076,1909f56bfc062723c751e8b465ee728b)  -> (artifact id: '43e80ce00cc17d52113b11a1969fd9b8') in 0.065476 seconds
  Import took 0.067454 seconds .

========================================================================
Received Import Request.
  Time since last request: 21.185886 seconds.
  path: Assets/Prefab/Enemy.prefab
  artifactKey: Guid(fadb75c467c5b457c80fb17463ab9a74) Importer(815301076,1909f56bfc062723c751e8b465ee728b)
Start importing Assets/Prefab/Enemy.prefab using Guid(fadb75c467c5b457c80fb17463ab9a74) Importer(815301076,1909f56bfc062723c751e8b465ee728b)  -> (artifact id: '3d14aa82cc07337d647c43622acfa67e') in 0.009523 seconds
  Import took 0.011683 seconds .

========================================================================
Received Import Request.
  Time since last request: 0.011228 seconds.
  path: Assets/Prefab/Enemy.prefab
  artifactKey: Guid(fadb75c467c5b457c80fb17463ab9a74) Importer(815301076,1909f56bfc062723c751e8b465ee728b)
Start importing Assets/Prefab/Enemy.prefab using Guid(fadb75c467c5b457c80fb17463ab9a74) Importer(815301076,1909f56bfc062723c751e8b465ee728b)  -> (artifact id: '3d14aa82cc07337d647c43622acfa67e') in 0.008048 seconds
  Import took 0.010168 seconds .

========================================================================
Received Prepare
Registering precompiled user dll's ...
Registered in 0.000380 seconds.
Begin MonoManager ReloadAssembly
Native extension for OSXStandalone target not found
Refreshing native plugins compatible for Editor in 0.20 ms, found 1 plugins.
Preloading 0 native plugins for Editor in 0.00 ms.
Invoked RoslynAnalysisRunner static constructor.
RoslynAnalysisRunner will not be running.
RoslynAnalysisRunner has terminated.
Mono: successfully reloaded assembly
- Completed reload, in  0.889 seconds
Platform modules already initialized, skipping
Refreshing native plugins compatible for Editor in 0.17 ms, found 1 plugins.
Preloading 0 native plugins for Editor in 0.00 ms.
Unloading 1093 Unused Serialized files (Serialized files now loaded: 0)
System memory in use before: 144.3 MB.
System memory in use after: 144.4 MB.

Unloading 5 unused Assets to reduce memory usage. Loaded Objects now: 1641.
Total: 1.493712 ms (FindLiveObjects: 0.146985 ms CreateObjectMapping: 0.036173 ms MarkObjects: 1.264137 ms  DeleteObjects: 0.045128 ms)

========================================================================
Received Import Request.
  Time since last request: 44.335879 seconds.
  path: Assets/Prefab/Enemy.prefab
  artifactKey: Guid(fadb75c467c5b457c80fb17463ab9a74) Importer(815301076,1909f56bfc062723c751e8b465ee728b)
Start importing Assets/Prefab/Enemy.prefab using Guid(fadb75c467c5b457c80fb17463ab9a74) Importer(815301076,1909f56bfc062723c751e8b465ee728b)  -> (artifact id: 'b75a6f7a3d0d6151c6021046e161f9ad') in 0.059889 seconds
  Import took 0.061868 seconds .

========================================================================
Received Import Request.
  Time since last request: 4.454086 seconds.
  path: Assets/Scripts/PlayerController.cs
  artifactKey: Guid(c8ead9991d8f0471baaa164ed1daf49d) Importer(815301076,1909f56bfc062723c751e8b465ee728b)
Start importing Assets/Scripts/PlayerController.cs using Guid(c8ead9991d8f0471baaa164ed1daf49d) Importer(815301076,1909f56bfc062723c751e8b465ee728b)  -> (artifact id: '34750b8c10386233c51989441add6890') in 0.001950 seconds
  Import took 0.004096 seconds .

========================================================================
Received Import Request.
  Time since last request: 0.000635 seconds.
  path: Assets/Scripts/PlayerController.cs
  artifactKey: Guid(c8ead9991d8f0471baaa164ed1daf49d) Importer(815301076,1909f56bfc062723c751e8b465ee728b)
Start importing Assets/Scripts/PlayerController.cs using Guid(c8ead9991d8f0471baaa164ed1daf49d) Importer(815301076,1909f56bfc062723c751e8b465ee728b)  -> (artifact id: '34750b8c10386233c51989441add6890') in 0.001382 seconds
  Import took 0.003207 seconds .

========================================================================
Received Prepare
Registering precompiled user dll's ...
Registered in 0.000424 seconds.
Begin MonoManager ReloadAssembly
Native extension for OSXStandalone target not found
Refreshing native plugins compatible for Editor in 0.19 ms, found 1 plugins.
Preloading 0 native plugins for Editor in 0.00 ms.
Invoked RoslynAnalysisRunner static constructor.
RoslynAnalysisRunner will not be running.
RoslynAnalysisRunner has terminated.
Mono: successfully reloaded assembly
- Completed reload, in  0.953 seconds
Platform modules already initialized, skipping
Refreshing native plugins compatible for Editor in 0.25 ms, found 1 plugins.
Preloading 0 native plugins for Editor in 0.00 ms.
Unloading 1093 Unused Serialized files (Serialized files now loaded: 0)
System memory in use before: 144.6 MB.
System memory in use after: 144.7 MB.

Unloading 5 unused Assets to reduce memory usage. Loaded Objects now: 1644.
Total: 1.540807 ms (FindLiveObjects: 0.158944 ms CreateObjectMapping: 0.036114 ms MarkObjects: 1.303528 ms  DeleteObjects: 0.040835 ms)

========================================================================
Received Prepare
Registering precompiled user dll's ...
Registered in 0.000303 seconds.
Begin MonoManager ReloadAssembly
Native extension for OSXStandalone target not found
Refreshing native plugins compatible for Editor in 0.20 ms, found 1 plugins.
Preloading 0 native plugins for Editor in 0.00 ms.
Invoked RoslynAnalysisRunner static constructor.
RoslynAnalysisRunner will not be running.
RoslynAnalysisRunner has terminated.
Mono: successfully reloaded assembly
- Completed reload, in  0.870 seconds
Platform modules already initialized, skipping
Refreshing native plugins compatible for Editor in 0.19 ms, found 1 plugins.
Preloading 0 native plugins for Editor in 0.00 ms.
Unloading 1093 Unused Serialized files (Serialized files now loaded: 0)
System memory in use before: 144.0 MB.
System memory in use after: 144.1 MB.

Unloading 5 unused Assets to reduce memory usage. Loaded Objects now: 1646.
Total: 1.492140 ms (FindLiveObjects: 0.148737 ms CreateObjectMapping: 0.038192 ms MarkObjects: 1.261795 ms  DeleteObjects: 0.042196 ms)

========================================================================
Received Prepare
Registering precompiled user dll's ...
Registered in 0.000274 seconds.
Begin MonoManager ReloadAssembly
Native extension for OSXStandalone target not found
Refreshing native plugins compatible for Editor in 0.19 ms, found 1 plugins.
Preloading 0 native plugins for Editor in 0.00 ms.
Invoked RoslynAnalysisRunner static constructor.
RoslynAnalysisRunner will not be running.
RoslynAnalysisRunner has terminated.
Mono: successfully reloaded assembly
- Completed reload, in  0.823 seconds
Platform modules already initialized, skipping
Refreshing native plugins compatible for Editor in 0.19 ms, found 1 plugins.
Preloading 0 native plugins for Editor in 0.00 ms.
Unloading 1093 Unused Serialized files (Serialized files now loaded: 0)
System memory in use before: 144.3 MB.
System memory in use after: 144.4 MB.

Unloading 5 unused Assets to reduce memory usage. Loaded Objects now: 1648.
Total: 1.458145 ms (FindLiveObjects: 0.217992 ms CreateObjectMapping: 0.028565 ms MarkObjects: 1.178391 ms  DeleteObjects: 0.032400 ms)

========================================================================
Received Import Request.
  Time since last request: 1495.650751 seconds.
  path: Assets/Course Library/Pickups/DollarSign.prefab
  artifactKey: Guid(a8a06204dcfa9784b86eba87c2e0a1a2) Importer(815301076,1909f56bfc062723c751e8b465ee728b)
Start importing Assets/Course Library/Pickups/DollarSign.prefab using Guid(a8a06204dcfa9784b86eba87c2e0a1a2) Importer(815301076,1909f56bfc062723c751e8b465ee728b)  -> (artifact id: '8b16df1465665530bbc06bb2f5b38a18') in 0.242496 seconds
  Import took 0.244526 seconds .

========================================================================
Received Import Request.
  Time since last request: 0.000173 seconds.
  path: Assets/Course Library/Pickups/MultiplierIcon.prefab
  artifactKey: Guid(ceb1bef3d4abc9344b89436369737113) Importer(815301076,1909f56bfc062723c751e8b465ee728b)
Start importing Assets/Course Library/Pickups/MultiplierIcon.prefab using Guid(ceb1bef3d4abc9344b89436369737113) Importer(815301076,1909f56bfc062723c751e8b465ee728b)  -> (artifact id: '653f54d6bdf90546ca087f3baf0084f5') in 0.006956 seconds
  Import took 0.008838 seconds .

========================================================================
Received Import Request.
  Time since last request: 0.000228 seconds.
  path: Assets/Course Library/Pickups/Potion_01.prefab
  artifactKey: Guid(2f3e352268bf84b45acf0d56b0b89518) Importer(815301076,1909f56bfc062723c751e8b465ee728b)
Start importing Assets/Course Library/Pickups/Potion_01.prefab using Guid(2f3e352268bf84b45acf0d56b0b89518) Importer(815301076,1909f56bfc062723c751e8b465ee728b)  -> (artifact id: 'e8d0c6782f02422aca60a019769b462c') in 0.012084 seconds
  Import took 0.014526 seconds .

========================================================================
Received Import Request.
  Time since last request: 0.000198 seconds.
  path: Assets/Course Library/Pickups/GoldCupIcon.prefab
  artifactKey: Guid(f20d096cd65070b4a89b6957463d432d) Importer(815301076,1909f56bfc062723c751e8b465ee728b)
Start importing Assets/Course Library/Pickups/GoldCupIcon.prefab using Guid(f20d096cd65070b4a89b6957463d432d) Importer(815301076,1909f56bfc062723c751e8b465ee728b)  -> (artifact id: 'a62df55535992a52d3a1ecbcd152c94f') in 0.007952 seconds
  Import took 0.010421 seconds .

========================================================================
Received Import Request.
  Time since last request: 0.000166 seconds.
  path: Assets/Course Library/Pickups/FireIcon.prefab
  artifactKey: Guid(18d064e59e399ac4ebf74eada94947af) Importer(815301076,1909f56bfc062723c751e8b465ee728b)
Start importing Assets/Course Library/Pickups/FireIcon.prefab using Guid(18d064e59e399ac4ebf74eada94947af) Importer(815301076,1909f56bfc062723c751e8b465ee728b)  -> (artifact id: '7412cdb522e9d197844e2068619a9a43') in 0.008517 seconds
  Import took 0.010593 seconds .

========================================================================
Received Import Request.
  Time since last request: 0.000186 seconds.
  path: Assets/Course Library/Pickups/PowerIcon.prefab
  artifactKey: Guid(0782c4fdae5f1624ba26300a1dc7a0a7) Importer(815301076,1909f56bfc062723c751e8b465ee728b)
Start importing Assets/Course Library/Pickups/PowerIcon.prefab using Guid(0782c4fdae5f1624ba26300a1dc7a0a7) Importer(815301076,1909f56bfc062723c751e8b465ee728b)  -> (artifact id: '9da88036e0d8fe2c10788169d0de729f') in 0.007944 seconds
  Import took 0.009987 seconds .

========================================================================
Received Import Request.
  Time since last request: 0.000222 seconds.
  path: Assets/Course Library/Pickups/Gem_01.prefab
  artifactKey: Guid(9e928de923724f54ea836e735efdd8b6) Importer(815301076,1909f56bfc062723c751e8b465ee728b)
Start importing Assets/Course Library/Pickups/Gem_01.prefab using Guid(9e928de923724f54ea836e735efdd8b6) Importer(815301076,1909f56bfc062723c751e8b465ee728b)  -> (artifact id: '0bb2ef83d5a4427a5d003ec6233505af') in 0.012463 seconds
  Import took 0.014633 seconds .

========================================================================
Received Import Request.
  Time since last request: 0.000172 seconds.
  path: Assets/Course Library/Pickups/RadiationIcon.prefab
  artifactKey: Guid(6f3d65a695e7abd46bde807842983d4a) Importer(815301076,1909f56bfc062723c751e8b465ee728b)
Start importing Assets/Course Library/Pickups/RadiationIcon.prefab using Guid(6f3d65a695e7abd46bde807842983d4a) Importer(815301076,1909f56bfc062723c751e8b465ee728b)  -> (artifact id: '94661c82efe23287bcdbbf99c2331c11') in 0.009661 seconds
  Import took 0.011717 seconds .

========================================================================
Received Import Request.
  Time since last request: 0.000201 seconds.
  path: Assets/Course Library/Pickups/Star_01.prefab
  artifactKey: Guid(7bc251a7285632341a306c70a8f1cfbe) Importer(815301076,1909f56bfc062723c751e8b465ee728b)
Start importing Assets/Course Library/Pickups/Star_01.prefab using Guid(7bc251a7285632341a306c70a8f1cfbe) Importer(815301076,1909f56bfc062723c751e8b465ee728b)  -> (artifact id: '83449163b3a02b6ebbaae115be89b97c') in 0.011506 seconds
  Import took 0.013529 seconds .

========================================================================
Received Import Request.
  Time since last request: 0.000177 seconds.
  path: Assets/Course Library/Pickups/RepairIcon.prefab
  artifactKey: Guid(510349479745aac4b9209e9326e42601) Importer(815301076,1909f56bfc062723c751e8b465ee728b)
Start importing Assets/Course Library/Pickups/RepairIcon.prefab using Guid(510349479745aac4b9209e9326e42601) Importer(815301076,1909f56bfc062723c751e8b465ee728b)  -> (artifact id: '580c5cc2358c9e6b84514f42c32143b6') in 0.007389 seconds
  Import took 0.009484 seconds .

========================================================================
Received Import Request.
  Time since last request: 75.071006 seconds.
  path: Assets/Prefab/Powerup.prefab
  artifactKey: Guid(533613f6db8f74bc18de0a568fd6487f) Importer(815301076,1909f56bfc062723c751e8b465ee728b)
Start importing Assets/Prefab/Powerup.prefab using Guid(533613f6db8f74bc18de0a568fd6487f) Importer(815301076,1909f56bfc062723c751e8b465ee728b)  -> (artifact id: 'e7d2a7e3f3b36075cebd96b2e7abfbf1') in 0.008807 seconds
  Import took 0.010966 seconds .

========================================================================
Received Import Request.
  Time since last request: 0.024780 seconds.
  path: Assets/Prefab/Powerup.prefab
  artifactKey: Guid(533613f6db8f74bc18de0a568fd6487f) Importer(815301076,1909f56bfc062723c751e8b465ee728b)
Start importing Assets/Prefab/Powerup.prefab using Guid(533613f6db8f74bc18de0a568fd6487f) Importer(815301076,1909f56bfc062723c751e8b465ee728b)  -> (artifact id: 'e7d2a7e3f3b36075cebd96b2e7abfbf1') in 0.010104 seconds
  Import took 0.012046 seconds .

========================================================================
Received Prepare
Registering precompiled user dll's ...
Registered in 0.000362 seconds.
Begin MonoManager ReloadAssembly
Native extension for OSXStandalone target not found
Refreshing native plugins compatible for Editor in 0.18 ms, found 1 plugins.
Preloading 0 native plugins for Editor in 0.00 ms.
Invoked RoslynAnalysisRunner static constructor.
RoslynAnalysisRunner will not be running.
RoslynAnalysisRunner has terminated.
Mono: successfully reloaded assembly
- Completed reload, in  0.806 seconds
Platform modules already initialized, skipping
Refreshing native plugins compatible for Editor in 0.21 ms, found 1 plugins.
Preloading 0 native plugins for Editor in 0.00 ms.
Unloading 1093 Unused Serialized files (Serialized files now loaded: 0)
System memory in use before: 145.3 MB.
System memory in use after: 145.4 MB.

Unloading 5 unused Assets to reduce memory usage. Loaded Objects now: 1653.
Total: 1.938893 ms (FindLiveObjects: 0.194234 ms CreateObjectMapping: 0.042542 ms MarkObjects: 1.659499 ms  DeleteObjects: 0.041645 ms)

========================================================================
Received Import Request.
  Time since last request: 194.467803 seconds.
  path: Assets/Course Library/Materials/PolygonPrototype_Texture_Grid_02.mat
  artifactKey: Guid(8058819d07077413093da45b989eee1a) Importer(815301076,1909f56bfc062723c751e8b465ee728b)
Start importing Assets/Course Library/Materials/PolygonPrototype_Texture_Grid_02.mat using Guid(8058819d07077413093da45b989eee1a) Importer(815301076,1909f56bfc062723c751e8b465ee728b)  -> (artifact id: '9d499c6c7e22caf07b78742ace48c627') in 0.069751 seconds
  Import took 0.071815 seconds .

========================================================================
Received Import Request.
  Time since last request: 0.000186 seconds.
  path: Assets/Course Library/Materials/PolygonPrototype_Texture_Grid_06.mat
  artifactKey: Guid(9ed4ddc40e488412fa492bbe2c3357d2) Importer(815301076,1909f56bfc062723c751e8b465ee728b)
Start importing Assets/Course Library/Materials/PolygonPrototype_Texture_Grid_06.mat using Guid(9ed4ddc40e488412fa492bbe2c3357d2) Importer(815301076,1909f56bfc062723c751e8b465ee728b)  -> (artifact id: '5c993261b06455fd2ef5dd211b407d95') in 0.008431 seconds
  Import took 0.010162 seconds .

========================================================================
Received Import Request.
  Time since last request: 0.000171 seconds.
  path: Assets/Course Library/Materials/PolygonPrototype_Texture_Grid_Glass_01.mat
  artifactKey: Guid(136421332a5f541e8a2f5c634f888e9b) Importer(815301076,1909f56bfc062723c751e8b465ee728b)
Start importing Assets/Course Library/Materials/PolygonPrototype_Texture_Grid_Glass_01.mat using Guid(136421332a5f541e8a2f5c634f888e9b) Importer(815301076,1909f56bfc062723c751e8b465ee728b)  -> (artifact id: 'a80ced17d808ad428ecc2d5a9bd8f70f') in 0.008102 seconds
  Import took 0.009845 seconds .

========================================================================
Received Import Request.
  Time since last request: 0.000159 seconds.
  path: Assets/Course Library/Materials/PolygonPrototype_Texture_Grid_03.mat
  artifactKey: Guid(a06eb44a4c2274bccb82eee7721cc3a0) Importer(815301076,1909f56bfc062723c751e8b465ee728b)
Start importing Assets/Course Library/Materials/PolygonPrototype_Texture_Grid_03.mat using Guid(a06eb44a4c2274bccb82eee7721cc3a0) Importer(815301076,1909f56bfc062723c751e8b465ee728b)  -> (artifact id: '38d0e2011418ac9297b2b074fe3e0313') in 0.007663 seconds
  Import took 0.009443 seconds .

========================================================================
Received Import Request.
  Time since last request: 0.000157 seconds.
  path: Assets/Course Library/Materials/PolygonPrototype_Texture_Grid_05.mat
  artifactKey: Guid(b412fb144af80481ea282b0db04476ae) Importer(815301076,1909f56bfc062723c751e8b465ee728b)
Start importing Assets/Course Library/Materials/PolygonPrototype_Texture_Grid_05.mat using Guid(b412fb144af80481ea282b0db04476ae) Importer(815301076,1909f56bfc062723c751e8b465ee728b)  -> (artifact id: 'f278c113fa934b3f96cb440ce8f264d5') in 0.009374 seconds
  Import took 0.011528 seconds .

========================================================================
Received Import Request.
  Time since last request: 0.000173 seconds.
  path: Assets/Course Library/Materials/PolygonPrototype_Texture_Grid_04.mat
  artifactKey: Guid(3ce430737afd9434db67c6635f6a7ee8) Importer(815301076,1909f56bfc062723c751e8b465ee728b)
Start importing Assets/Course Library/Materials/PolygonPrototype_Texture_Grid_04.mat using Guid(3ce430737afd9434db67c6635f6a7ee8) Importer(815301076,1909f56bfc062723c751e8b465ee728b)  -> (artifact id: 'd79fae3d94eac1f95c5d1a2760df043b') in 0.007637 seconds
  Import took 0.009459 seconds .

========================================================================
Received Import Request.
  Time since last request: 3.016085 seconds.
  path: Assets/Scripts/PlayerController.cs
  artifactKey: Guid(c8ead9991d8f0471baaa164ed1daf49d) Importer(815301076,1909f56bfc062723c751e8b465ee728b)
Start importing Assets/Scripts/PlayerController.cs using Guid(c8ead9991d8f0471baaa164ed1daf49d) Importer(815301076,1909f56bfc062723c751e8b465ee728b)  -> (artifact id: '23d244831eb6be371589bf224b759e33') in 0.001492 seconds
  Import took 0.003382 seconds .

========================================================================
Received Import Request.
  Time since last request: 0.002877 seconds.
  path: Assets/Scripts/PlayerController.cs
  artifactKey: Guid(c8ead9991d8f0471baaa164ed1daf49d) Importer(815301076,1909f56bfc062723c751e8b465ee728b)
Start importing Assets/Scripts/PlayerController.cs using Guid(c8ead9991d8f0471baaa164ed1daf49d) Importer(815301076,1909f56bfc062723c751e8b465ee728b)  -> (artifact id: '23d244831eb6be371589bf224b759e33') in 0.001961 seconds
  Import took 0.003871 seconds .

========================================================================
Received Import Request.
  Time since last request: 263.407979 seconds.
  path: Assets/Scripts/PlayerController.cs
  artifactKey: Guid(c8ead9991d8f0471baaa164ed1daf49d) Importer(815301076,1909f56bfc062723c751e8b465ee728b)
Start importing Assets/Scripts/PlayerController.cs using Guid(c8ead9991d8f0471baaa164ed1daf49d) Importer(815301076,1909f56bfc062723c751e8b465ee728b)  -> (artifact id: 'd1912308917b238e155de2f27e5d1438') in 0.001418 seconds
  Import took 0.003135 seconds .

========================================================================
Received Prepare
Registering precompiled user dll's ...
Registered in 0.000296 seconds.
Begin MonoManager ReloadAssembly
Native extension for OSXStandalone target not found
Refreshing native plugins compatible for Editor in 0.18 ms, found 1 plugins.
Preloading 0 native plugins for Editor in 0.00 ms.
Invoked RoslynAnalysisRunner static constructor.
RoslynAnalysisRunner will not be running.
RoslynAnalysisRunner has terminated.
Mono: successfully reloaded assembly
- Completed reload, in  0.822 seconds
Platform modules already initialized, skipping
Refreshing native plugins compatible for Editor in 0.16 ms, found 1 plugins.
Preloading 0 native plugins for Editor in 0.00 ms.
Unloading 1093 Unused Serialized files (Serialized files now loaded: 0)
System memory in use before: 145.8 MB.
System memory in use after: 145.8 MB.

Unloading 5 unused Assets to reduce memory usage. Loaded Objects now: 1656.
Total: 1.341972 ms (FindLiveObjects: 0.120409 ms CreateObjectMapping: 0.028513 ms MarkObjects: 1.157508 ms  DeleteObjects: 0.034713 ms)

========================================================================
Received Prepare
Registering precompiled user dll's ...
Registered in 0.000565 seconds.
Begin MonoManager ReloadAssembly
Native extension for OSXStandalone target not found
Refreshing native plugins compatible for Editor in 0.19 ms, found 1 plugins.
Preloading 0 native plugins for Editor in 0.00 ms.
Invoked RoslynAnalysisRunner static constructor.
RoslynAnalysisRunner will not be running.
RoslynAnalysisRunner has terminated.
Mono: successfully reloaded assembly
- Completed reload, in  0.884 seconds
Platform modules already initialized, skipping
Refreshing native plugins compatible for Editor in 0.20 ms, found 1 plugins.
Preloading 0 native plugins for Editor in 0.00 ms.
Unloading 1093 Unused Serialized files (Serialized files now loaded: 0)
System memory in use before: 146.1 MB.
System memory in use after: 146.2 MB.

Unloading 5 unused Assets to reduce memory usage. Loaded Objects now: 1658.
Total: 1.390253 ms (FindLiveObjects: 0.132913 ms CreateObjectMapping: 0.033112 ms MarkObjects: 1.185007 ms  DeleteObjects: 0.038200 ms)

========================================================================
Received Import Request.
  Time since last request: 404.472062 seconds.
  path: Assets/Scripts/PlayerController.cs
  artifactKey: Guid(c8ead9991d8f0471baaa164ed1daf49d) Importer(815301076,1909f56bfc062723c751e8b465ee728b)
Start importing Assets/Scripts/PlayerController.cs using Guid(c8ead9991d8f0471baaa164ed1daf49d) Importer(815301076,1909f56bfc062723c751e8b465ee728b)  -> (artifact id: 'fda47d7b2bc96f7a2ff27d2b80a1f0ec') in 0.003252 seconds
  Import took 0.005085 seconds .

========================================================================
Received Import Request.
  Time since last request: 0.002801 seconds.
  path: Assets/Scripts/PlayerController.cs
  artifactKey: Guid(c8ead9991d8f0471baaa164ed1daf49d) Importer(815301076,1909f56bfc062723c751e8b465ee728b)
Start importing Assets/Scripts/PlayerController.cs using Guid(c8ead9991d8f0471baaa164ed1daf49d) Importer(815301076,1909f56bfc062723c751e8b465ee728b)  -> (artifact id: 'fda47d7b2bc96f7a2ff27d2b80a1f0ec') in 0.001258 seconds
  Import took 0.003432 seconds .

========================================================================
Received Prepare
Registering precompiled user dll's ...
Registered in 0.000350 seconds.
Begin MonoManager ReloadAssembly
Native extension for OSXStandalone target not found
Refreshing native plugins compatible for Editor in 0.21 ms, found 1 plugins.
Preloading 0 native plugins for Editor in 0.00 ms.
Invoked RoslynAnalysisRunner static constructor.
RoslynAnalysisRunner will not be running.
RoslynAnalysisRunner has terminated.
Mono: successfully reloaded assembly
- Completed reload, in  0.865 seconds
Platform modules already initialized, skipping
Refreshing native plugins compatible for Editor in 0.20 ms, found 1 plugins.
Preloading 0 native plugins for Editor in 0.00 ms.
Unloading 1093 Unused Serialized files (Serialized files now loaded: 0)
System memory in use before: 146.4 MB.
System memory in use after: 146.5 MB.

Unloading 5 unused Assets to reduce memory usage. Loaded Objects now: 1660.
Total: 2.003739 ms (FindLiveObjects: 0.166315 ms CreateObjectMapping: 0.040784 ms MarkObjects: 1.724411 ms  DeleteObjects: 0.071267 ms)

